[INFO] 2018-04-14 15:27:07,646 PyPPSPP starting
[INFO] 2018-04-14 15:27:07,646 PPSPP Parameters:
        Tracker: 127.0.0.1;
        Running on Port: 2008;
        Filename: ./resource/factory-I-720p_files/factory-I-720p.seg3-L0.svc;
        Filesize: 391633B;
        Swarm: d19aa542920dac0ba57e4555daf6f16e246d58ff;
        Logger: ./resource/factory-I-720p_files/logs/factory-I-720p.seg3-L0.svcSeederPeer.log;
        Live: False;
        Live Source: False;
        Alto: False;
        Num peers: None;
        Identifier: None;
        Skip: False;
        DiscardWnd: 1000;
        Buffer Sz: 500;
        Dl Fwd: 0;
        VOD: False;
    
[WARNING] 2018-04-14 15:27:07,649 Exception connecting to tracker: [Errno 111] Connect call failed ('127.0.0.1', 6777)
[WARNING] 2018-04-14 15:27:08,651 Exception connecting to tracker: [Errno 111] Connect call failed ('127.0.0.1', 6777)
[WARNING] 2018-04-14 15:27:09,653 Exception connecting to tracker: [Errno 111] Connect call failed ('127.0.0.1', 6777)
[ERROR] 2018-04-14 15:27:10,654 Failed to connect to the tracker!
