[INFO] 2018-04-14 15:27:07,638 PyPPSPP starting
[INFO] 2018-04-14 15:27:07,639 PPSPP Parameters:
        Tracker: 127.0.0.1;
        Running on Port: 2010;
        Filename: ./resource/factory-I-720p_files/factory-I-720p.seg3-L2.svc;
        Filesize: 464021B;
        Swarm: 22bbf15b10c4f0777283d0f8b01ea3c8b12ada4f;
        Logger: ./resource/factory-I-720p_files/logs/factory-I-720p.seg3-L2.svcSeederPeer.log;
        Live: False;
        Live Source: False;
        Alto: False;
        Num peers: None;
        Identifier: None;
        Skip: False;
        DiscardWnd: 1000;
        Buffer Sz: 500;
        Dl Fwd: 0;
        VOD: False;
    
[WARNING] 2018-04-14 15:27:07,650 Exception connecting to tracker: [Errno 111] Connect call failed ('127.0.0.1', 6777)
[WARNING] 2018-04-14 15:27:08,652 Exception connecting to tracker: [Errno 111] Connect call failed ('127.0.0.1', 6777)
[WARNING] 2018-04-14 15:27:09,654 Exception connecting to tracker: [Errno 111] Connect call failed ('127.0.0.1', 6777)
[ERROR] 2018-04-14 15:27:10,656 Failed to connect to the tracker!
