[INFO] 2018-04-14 15:27:07,604 PyPPSPP starting
[INFO] 2018-04-14 15:27:07,605 PPSPP Parameters:
        Tracker: 127.0.0.1;
        Running on Port: 2002;
        Filename: ./resource/factory-I-720p_files/factory-I-720p.seg1-L2.svc;
        Filesize: 285740B;
        Swarm: 7e5b8e18dd6b8ace23f742719d4ce74a1320a05b;
        Logger: ./resource/factory-I-720p_files/logs/factory-I-720p.seg1-L2.svcSeederPeer.log;
        Live: False;
        Live Source: False;
        Alto: False;
        Num peers: None;
        Identifier: None;
        Skip: False;
        DiscardWnd: 1000;
        Buffer Sz: 500;
        Dl Fwd: 0;
        VOD: False;
    
[WARNING] 2018-04-14 15:27:07,608 Exception connecting to tracker: [Errno 111] Connect call failed ('127.0.0.1', 6777)
[WARNING] 2018-04-14 15:27:08,610 Exception connecting to tracker: [Errno 111] Connect call failed ('127.0.0.1', 6777)
[WARNING] 2018-04-14 15:27:09,611 Exception connecting to tracker: [Errno 111] Connect call failed ('127.0.0.1', 6777)
[ERROR] 2018-04-14 15:27:10,613 Failed to connect to the tracker!
