[INFO] 2018-04-14 15:27:07,686 PyPPSPP starting
[INFO] 2018-04-14 15:27:07,686 PPSPP Parameters:
        Tracker: 127.0.0.1;
        Running on Port: 2004;
        Filename: ./resource/factory-I-720p_files/factory-I-720p.seg2-L0.svc;
        Filesize: 760115B;
        Swarm: 4222c07806bf525998f915724334a0834fe7fe78;
        Logger: ./resource/factory-I-720p_files/logs/factory-I-720p.seg2-L0.svcSeederPeer.log;
        Live: False;
        Live Source: False;
        Alto: False;
        Num peers: None;
        Identifier: None;
        Skip: False;
        DiscardWnd: 1000;
        Buffer Sz: 500;
        Dl Fwd: 0;
        VOD: False;
    
[WARNING] 2018-04-14 15:27:07,688 Exception connecting to tracker: [Errno 111] Connect call failed ('127.0.0.1', 6777)
[WARNING] 2018-04-14 15:27:08,691 Exception connecting to tracker: [Errno 111] Connect call failed ('127.0.0.1', 6777)
[WARNING] 2018-04-14 15:27:09,693 Exception connecting to tracker: [Errno 111] Connect call failed ('127.0.0.1', 6777)
[ERROR] 2018-04-14 15:27:10,695 Failed to connect to the tracker!
