[INFO] 2018-04-14 15:27:07,626 PyPPSPP starting
[INFO] 2018-04-14 15:27:07,626 PPSPP Parameters:
        Tracker: 127.0.0.1;
        Running on Port: 2000;
        Filename: ./resource/factory-I-720p_files/factory-I-720p.seg1-L0.svc;
        Filesize: 299307B;
        Swarm: d42a8f66b2c900d8c7b4fed301b73308b69e0699;
        Logger: ./resource/factory-I-720p_files/logs/factory-I-720p.seg1-L0.svcSeederPeer.log;
        Live: False;
        Live Source: False;
        Alto: False;
        Num peers: None;
        Identifier: None;
        Skip: False;
        DiscardWnd: 1000;
        Buffer Sz: 500;
        Dl Fwd: 0;
        VOD: False;
    
[WARNING] 2018-04-14 15:27:07,629 Exception connecting to tracker: [Errno 111] Connect call failed ('127.0.0.1', 6777)
[WARNING] 2018-04-14 15:27:08,632 Exception connecting to tracker: [Errno 111] Connect call failed ('127.0.0.1', 6777)
[WARNING] 2018-04-14 15:27:09,635 Exception connecting to tracker: [Errno 111] Connect call failed ('127.0.0.1', 6777)
[ERROR] 2018-04-14 15:27:10,636 Failed to connect to the tracker!
