[INFO] 2018-04-14 15:27:07,709 PyPPSPP starting
[INFO] 2018-04-14 15:27:07,709 PPSPP Parameters:
        Tracker: 127.0.0.1;
        Running on Port: 2005;
        Filename: ./resource/factory-I-720p_files/factory-I-720p.seg2-L1.svc;
        Filesize: 505122B;
        Swarm: 30cbfc9f2751e45a6c924f62e1c391eafd8a9191;
        Logger: ./resource/factory-I-720p_files/logs/factory-I-720p.seg2-L1.svcSeederPeer.log;
        Live: False;
        Live Source: False;
        Alto: False;
        Num peers: None;
        Identifier: None;
        Skip: False;
        DiscardWnd: 1000;
        Buffer Sz: 500;
        Dl Fwd: 0;
        VOD: False;
    
[WARNING] 2018-04-14 15:27:07,712 Exception connecting to tracker: [Errno 111] Connect call failed ('127.0.0.1', 6777)
[WARNING] 2018-04-14 15:27:08,714 Exception connecting to tracker: [Errno 111] Connect call failed ('127.0.0.1', 6777)
[WARNING] 2018-04-14 15:27:09,717 Exception connecting to tracker: [Errno 111] Connect call failed ('127.0.0.1', 6777)
[ERROR] 2018-04-14 15:27:10,718 Failed to connect to the tracker!
