Name:factory-I-720p.mpd >> Download complete...
Start processing...
2017-11-03T09:31:59.750:
========================================================
Video information:
Video resolution:1280x720
LayerID is: [0, 1, 2, 3]
Bandwidth requirement for each layer: [1398911.0, 2162327.0, 3466219.0, 5337282.0] bits/s
Number of segments: 27
Duration of each segment: 48 frames
========================================================
2017-11-03T09:31:59.785: FileName: factory-I-720p.init.svc download complete...
2017-11-03T09:31:59.786:
==================================================
Start handling segment 0, previous reference speed: 11.470534826481169KB/s
2017-11-03T09:31:59.786: Threshold of 0: 174KB/s
2017-11-03T09:31:59.786: Threshold of 1: 445KB/s
2017-11-03T09:31:59.786: SelectedLayer: 0
2017-11-03T09:31:59.904: FileName: factory-I-720p.seg1-L0.svc download complete...
2017-11-03T09:31:59.976: Finish handling segment 0
==================================================
2017-11-03T09:32:00.093:
==================================================
Start handling segment 1, previous reference speed: 2625.4981111155266KB/s
2017-11-03T09:32:00.093: Threshold of 0: 174KB/s
2017-11-03T09:32:00.093: Threshold of 1: 445KB/s
2017-11-03T09:32:00.093: Threshold of 2: 878KB/s
2017-11-03T09:32:00.093: Threshold of 3: 1545KB/s
2017-11-03T09:32:00.094: SelectedLayer: 3
2017-11-03T09:32:00.170: FileName: factory-I-720p.seg2-L0.svc download complete...
2017-11-03T09:32:00.277: FileName: factory-I-720p.seg2-L1.svc download complete...
2017-11-03T09:32:00.397: FileName: factory-I-720p.seg2-L2.svc download complete...
2017-11-03T09:32:00.534: FileName: factory-I-720p.seg2-L3.svc download complete...
2017-11-03T09:32:04.141: Finish handling segment 1
==================================================
2017-11-03T09:32:04.141:
==================================================
Start handling segment 2, previous reference speed: 8797.623774683225KB/s
2017-11-03T09:32:04.141: Threshold of 0: 174KB/s
2017-11-03T09:32:04.141: Threshold of 1: 445KB/s
2017-11-03T09:32:04.141: Threshold of 2: 878KB/s
2017-11-03T09:32:04.141: Threshold of 3: 1545KB/s
2017-11-03T09:32:04.141: SelectedLayer: 3
2017-11-03T09:32:04.195: FileName: factory-I-720p.seg3-L0.svc download complete...
2017-11-03T09:32:04.270: FileName: factory-I-720p.seg3-L1.svc download complete...
2017-11-03T09:32:04.318: FileName: factory-I-720p.seg3-L2.svc download complete...
2017-11-03T09:32:04.367: FileName: factory-I-720p.seg3-L3.svc download complete...
2017-11-03T09:32:04.797: Finish handling segment 2
==================================================
2017-11-03T09:32:04.797:
==================================================
Start handling segment 3, previous reference speed: 14793.37683319591KB/s
2017-11-03T09:32:04.797: Threshold of 0: 174KB/s
2017-11-03T09:32:04.797: Threshold of 1: 445KB/s
2017-11-03T09:32:04.797: Threshold of 2: 878KB/s
2017-11-03T09:32:04.797: Threshold of 3: 1545KB/s
2017-11-03T09:32:04.797: SelectedLayer: 3
2017-11-03T09:32:04.890: FileName: factory-I-720p.seg4-L0.svc download complete...
2017-11-03T09:32:04.940: FileName: factory-I-720p.seg4-L1.svc download complete...
2017-11-03T09:32:04.995: FileName: factory-I-720p.seg4-L2.svc download complete...
2017-11-03T09:32:05.060: FileName: factory-I-720p.seg4-L3.svc download complete...
2017-11-03T09:32:05.403: Finish handling segment 3
==================================================
2017-11-03T09:32:05.403:
==================================================
Start handling segment 4, previous reference speed: 7204.688524281393KB/s
2017-11-03T09:32:05.403: Threshold of 0: 174KB/s
2017-11-03T09:32:05.403: Threshold of 1: 445KB/s
2017-11-03T09:32:05.403: Threshold of 2: 878KB/s
2017-11-03T09:32:05.403: Threshold of 3: 1545KB/s
2017-11-03T09:32:05.403: SelectedLayer: 3
2017-11-03T09:32:05.469: FileName: factory-I-720p.seg5-L0.svc download complete...
2017-11-03T09:32:05.537: FileName: factory-I-720p.seg5-L1.svc download complete...
2017-11-03T09:32:05.650: FileName: factory-I-720p.seg5-L2.svc download complete...
2017-11-03T09:32:05.748: FileName: factory-I-720p.seg5-L3.svc download complete...
2017-11-03T09:32:08.246: Finish handling segment 4
==================================================
2017-11-03T09:32:08.246:
==================================================
Start handling segment 5, previous reference speed: 7527.858730606488KB/s
2017-11-03T09:32:08.246: Threshold of 0: 174KB/s
2017-11-03T09:32:08.246: Threshold of 1: 445KB/s
2017-11-03T09:32:08.246: Threshold of 2: 878KB/s
2017-11-03T09:32:08.246: Threshold of 3: 1545KB/s
2017-11-03T09:32:08.247: SelectedLayer: 3
2017-11-03T09:32:08.305: FileName: factory-I-720p.seg6-L0.svc download complete...
2017-11-03T09:32:08.391: FileName: factory-I-720p.seg6-L1.svc download complete...
2017-11-03T09:32:08.527: FileName: factory-I-720p.seg6-L2.svc download complete...
2017-11-03T09:32:08.630: FileName: factory-I-720p.seg6-L3.svc download complete...
2017-11-03T09:32:08.786: Finish handling segment 5
==================================================
2017-11-03T09:32:08.786:
==================================================
Start handling segment 6, previous reference speed: 7604.96743300303KB/s
2017-11-03T09:32:08.786: Threshold of 0: 174KB/s
2017-11-03T09:32:08.786: Threshold of 1: 445KB/s
2017-11-03T09:32:08.786: Threshold of 2: 878KB/s
2017-11-03T09:32:08.786: Threshold of 3: 1545KB/s
2017-11-03T09:32:08.786: SelectedLayer: 3
2017-11-03T09:32:08.826: FileName: factory-I-720p.seg7-L0.svc download complete...
2017-11-03T09:32:08.845: FileName: factory-I-720p.seg7-L1.svc download complete...
2017-11-03T09:32:08.899: FileName: factory-I-720p.seg7-L2.svc download complete...
2017-11-03T09:32:08.972: FileName: factory-I-720p.seg7-L3.svc download complete...
2017-11-03T09:32:09.073: Finish handling segment 6
==================================================
2017-11-03T09:32:09.073:
==================================================
Start handling segment 7, previous reference speed: 5557.8546115608815KB/s
2017-11-03T09:32:09.073: Threshold of 0: 174KB/s
2017-11-03T09:32:09.073: Threshold of 1: 445KB/s
2017-11-03T09:32:09.073: Threshold of 2: 878KB/s
2017-11-03T09:32:09.073: Threshold of 3: 1545KB/s
2017-11-03T09:32:09.073: SelectedLayer: 3
2017-11-03T09:32:09.110: FileName: factory-I-720p.seg8-L0.svc download complete...
2017-11-03T09:32:09.137: FileName: factory-I-720p.seg8-L1.svc download complete...
2017-11-03T09:32:09.166: FileName: factory-I-720p.seg8-L2.svc download complete...
2017-11-03T09:32:09.205: FileName: factory-I-720p.seg8-L3.svc download complete...
2017-11-03T09:32:09.323: Finish handling segment 7
==================================================
2017-11-03T09:32:09.323:
==================================================
Start handling segment 8, previous reference speed: 8832.214163165045KB/s
2017-11-03T09:32:09.323: Threshold of 0: 174KB/s
2017-11-03T09:32:09.323: Threshold of 1: 445KB/s
2017-11-03T09:32:09.323: Threshold of 2: 878KB/s
2017-11-03T09:32:09.323: Threshold of 3: 1545KB/s
2017-11-03T09:32:09.323: SelectedLayer: 3
2017-11-03T09:32:09.356: FileName: factory-I-720p.seg9-L0.svc download complete...
2017-11-03T09:32:09.523: FileName: factory-I-720p.seg9-L1.svc download complete...
2017-11-03T09:32:09.644: FileName: factory-I-720p.seg9-L2.svc download complete...
2017-11-03T09:32:09.828: FileName: factory-I-720p.seg9-L3.svc download complete...
2017-11-03T09:32:09.977: Finish handling segment 8
==================================================
2017-11-03T09:32:09.977:
==================================================
Start handling segment 9, previous reference speed: 3080.909640618221KB/s
2017-11-03T09:32:09.977: Threshold of 0: 174KB/s
2017-11-03T09:32:09.978: Threshold of 1: 445KB/s
2017-11-03T09:32:09.978: Threshold of 2: 878KB/s
2017-11-03T09:32:09.978: Threshold of 3: 1545KB/s
2017-11-03T09:32:09.984: SelectedLayer: 3
2017-11-03T09:32:10.058: FileName: factory-I-720p.seg10-L0.svc download complete...
2017-11-03T09:32:10.152: FileName: factory-I-720p.seg10-L1.svc download complete...
2017-11-03T09:32:10.231: FileName: factory-I-720p.seg10-L2.svc download complete...
2017-11-03T09:32:10.333: FileName: factory-I-720p.seg10-L3.svc download complete...
2017-11-03T09:32:10.428: Finish handling segment 9
==================================================
2017-11-03T09:32:10.428:
==================================================
Start handling segment 10, previous reference speed: 6735.490364803746KB/s
2017-11-03T09:32:10.428: Threshold of 0: 174KB/s
2017-11-03T09:32:10.428: Threshold of 1: 445KB/s
2017-11-03T09:32:10.428: Threshold of 2: 878KB/s
2017-11-03T09:32:10.428: Threshold of 3: 1545KB/s
2017-11-03T09:32:10.428: SelectedLayer: 3
2017-11-03T09:32:10.465: FileName: factory-I-720p.seg11-L0.svc download complete...
2017-11-03T09:32:10.509: FileName: factory-I-720p.seg11-L1.svc download complete...
2017-11-03T09:32:10.557: FileName: factory-I-720p.seg11-L2.svc download complete...
2017-11-03T09:32:10.631: FileName: factory-I-720p.seg11-L3.svc download complete...
2017-11-03T09:32:10.877: Finish handling segment 10
==================================================
2017-11-03T09:32:10.877:
==================================================
Start handling segment 11, previous reference speed: 16749.075973163577KB/s
2017-11-03T09:32:10.877: Threshold of 0: 174KB/s
2017-11-03T09:32:10.878: Threshold of 1: 445KB/s
2017-11-03T09:32:10.878: Threshold of 2: 878KB/s
2017-11-03T09:32:10.878: Threshold of 3: 1545KB/s
2017-11-03T09:32:10.878: SelectedLayer: 3
2017-11-03T09:32:10.928: FileName: factory-I-720p.seg12-L0.svc download complete...
2017-11-03T09:32:10.993: FileName: factory-I-720p.seg12-L1.svc download complete...
2017-11-03T09:32:11.091: FileName: factory-I-720p.seg12-L2.svc download complete...
2017-11-03T09:32:11.198: FileName: factory-I-720p.seg12-L3.svc download complete...
2017-11-03T09:32:11.275: Finish handling segment 11
==================================================
2017-11-03T09:32:11.275:
==================================================
Start handling segment 12, previous reference speed: 7720.438572772081KB/s
2017-11-03T09:32:11.275: Threshold of 0: 174KB/s
2017-11-03T09:32:11.275: Threshold of 1: 445KB/s
2017-11-03T09:32:11.275: Threshold of 2: 878KB/s
2017-11-03T09:32:11.275: Threshold of 3: 1545KB/s
2017-11-03T09:32:11.275: SelectedLayer: 3
2017-11-03T09:32:11.329: FileName: factory-I-720p.seg13-L0.svc download complete...
2017-11-03T09:32:11.374: FileName: factory-I-720p.seg13-L1.svc download complete...
2017-11-03T09:32:11.488: FileName: factory-I-720p.seg13-L2.svc download complete...
2017-11-03T09:32:11.593: FileName: factory-I-720p.seg13-L3.svc download complete...
2017-11-03T09:32:11.675: Finish handling segment 12
==================================================
2017-11-03T09:32:11.675:
==================================================
Start handling segment 13, previous reference speed: 4371.006846829154KB/s
2017-11-03T09:32:11.675: Threshold of 0: 174KB/s
2017-11-03T09:32:11.675: Threshold of 1: 445KB/s
2017-11-03T09:32:11.675: Threshold of 2: 878KB/s
2017-11-03T09:32:11.676: Threshold of 3: 1545KB/s
2017-11-03T09:32:11.676: SelectedLayer: 3
2017-11-03T09:32:11.723: FileName: factory-I-720p.seg14-L0.svc download complete...
2017-11-03T09:32:11.778: FileName: factory-I-720p.seg14-L1.svc download complete...
2017-11-03T09:32:11.827: FileName: factory-I-720p.seg14-L2.svc download complete...
2017-11-03T09:32:11.887: FileName: factory-I-720p.seg14-L3.svc download complete...
2017-11-03T09:32:11.982: Finish handling segment 13
==================================================
2017-11-03T09:32:11.982:
==================================================
Start handling segment 14, previous reference speed: 7930.252186338215KB/s
2017-11-03T09:32:11.982: Threshold of 0: 174KB/s
2017-11-03T09:32:11.982: Threshold of 1: 445KB/s
2017-11-03T09:32:11.982: Threshold of 2: 878KB/s
2017-11-03T09:32:11.982: Threshold of 3: 1545KB/s
2017-11-03T09:32:11.982: SelectedLayer: 3
2017-11-03T09:32:12.011: FileName: factory-I-720p.seg15-L0.svc download complete...
2017-11-03T09:32:12.047: FileName: factory-I-720p.seg15-L1.svc download complete...
2017-11-03T09:32:12.079: FileName: factory-I-720p.seg15-L2.svc download complete...
2017-11-03T09:32:12.125: FileName: factory-I-720p.seg15-L3.svc download complete...
2017-11-03T09:32:12.240: Finish handling segment 14
==================================================
2017-11-03T09:32:12.240:
==================================================
Start handling segment 15, previous reference speed: 15641.486413342798KB/s
2017-11-03T09:32:12.240: Threshold of 0: 174KB/s
2017-11-03T09:32:12.240: Threshold of 1: 445KB/s
2017-11-03T09:32:12.240: Threshold of 2: 878KB/s
2017-11-03T09:32:12.240: Threshold of 3: 1545KB/s
2017-11-03T09:32:12.240: SelectedLayer: 3
2017-11-03T09:32:12.257: FileName: factory-I-720p.seg16-L0.svc download complete...
2017-11-03T09:32:12.275: FileName: factory-I-720p.seg16-L1.svc download complete...
2017-11-03T09:32:12.299: FileName: factory-I-720p.seg16-L2.svc download complete...
2017-11-03T09:32:12.345: FileName: factory-I-720p.seg16-L3.svc download complete...
2017-11-03T09:32:12.441: Finish handling segment 15
==================================================
2017-11-03T09:32:12.441:
==================================================
Start handling segment 16, previous reference speed: 11598.913668291441KB/s
2017-11-03T09:32:12.441: Threshold of 0: 174KB/s
2017-11-03T09:32:12.441: Threshold of 1: 445KB/s
2017-11-03T09:32:12.441: Threshold of 2: 878KB/s
2017-11-03T09:32:12.441: Threshold of 3: 1545KB/s
2017-11-03T09:32:12.441: SelectedLayer: 3
2017-11-03T09:32:12.470: FileName: factory-I-720p.seg17-L0.svc download complete...
2017-11-03T09:32:12.485: FileName: factory-I-720p.seg17-L1.svc download complete...
2017-11-03T09:32:12.525: FileName: factory-I-720p.seg17-L2.svc download complete...
2017-11-03T09:32:12.572: FileName: factory-I-720p.seg17-L3.svc download complete...
2017-11-03T09:32:12.669: Finish handling segment 16
==================================================
2017-11-03T09:32:12.669:
==================================================
Start handling segment 17, previous reference speed: 9474.162777428322KB/s
2017-11-03T09:32:12.669: Threshold of 0: 174KB/s
2017-11-03T09:32:12.669: Threshold of 1: 445KB/s
2017-11-03T09:32:12.669: Threshold of 2: 878KB/s
2017-11-03T09:32:12.669: Threshold of 3: 1545KB/s
2017-11-03T09:32:12.669: SelectedLayer: 3
2017-11-03T09:32:12.685: FileName: factory-I-720p.seg18-L0.svc download complete...
2017-11-03T09:32:12.699: FileName: factory-I-720p.seg18-L1.svc download complete...
2017-11-03T09:32:12.715: FileName: factory-I-720p.seg18-L2.svc download complete...
2017-11-03T09:32:12.742: FileName: factory-I-720p.seg18-L3.svc download complete...
2017-11-03T09:32:12.809: Finish handling segment 17
==================================================
2017-11-03T09:32:12.809:
==================================================
Start handling segment 18, previous reference speed: 8632.198889012512KB/s
2017-11-03T09:32:12.809: Threshold of 0: 174KB/s
2017-11-03T09:32:12.809: Threshold of 1: 445KB/s
2017-11-03T09:32:12.809: Threshold of 2: 878KB/s
2017-11-03T09:32:12.809: Threshold of 3: 1545KB/s
2017-11-03T09:32:12.809: SelectedLayer: 3
2017-11-03T09:32:12.828: FileName: factory-I-720p.seg19-L0.svc download complete...
2017-11-03T09:32:12.844: FileName: factory-I-720p.seg19-L1.svc download complete...
2017-11-03T09:32:12.891: FileName: factory-I-720p.seg19-L2.svc download complete...
2017-11-03T09:32:12.908: FileName: factory-I-720p.seg19-L3.svc download complete...
2017-11-03T09:32:12.963: Finish handling segment 18
==================================================
2017-11-03T09:32:12.963:
==================================================
Start handling segment 19, previous reference speed: 13142.736848435548KB/s
2017-11-03T09:32:12.964: Threshold of 0: 174KB/s
2017-11-03T09:32:12.964: Threshold of 1: 445KB/s
2017-11-03T09:32:12.964: Threshold of 2: 878KB/s
2017-11-03T09:32:12.964: Threshold of 3: 1545KB/s
2017-11-03T09:32:12.964: SelectedLayer: 3
2017-11-03T09:32:12.979: FileName: factory-I-720p.seg20-L0.svc download complete...
2017-11-03T09:32:13.007: FileName: factory-I-720p.seg20-L1.svc download complete...
2017-11-03T09:32:13.024: FileName: factory-I-720p.seg20-L2.svc download complete...
2017-11-03T09:32:13.045: FileName: factory-I-720p.seg20-L3.svc download complete...
2017-11-03T09:32:13.136: Finish handling segment 19
==================================================
2017-11-03T09:32:13.136:
==================================================
Start handling segment 20, previous reference speed: 6992.665381728181KB/s
2017-11-03T09:32:13.136: Threshold of 0: 174KB/s
2017-11-03T09:32:13.136: Threshold of 1: 445KB/s
2017-11-03T09:32:13.136: Threshold of 2: 878KB/s
2017-11-03T09:32:13.136: Threshold of 3: 1545KB/s
2017-11-03T09:32:13.136: SelectedLayer: 3
2017-11-03T09:32:13.156: FileName: factory-I-720p.seg21-L0.svc download complete...
2017-11-03T09:32:13.175: FileName: factory-I-720p.seg21-L1.svc download complete...
2017-11-03T09:32:13.214: FileName: factory-I-720p.seg21-L2.svc download complete...
2017-11-03T09:32:13.259: FileName: factory-I-720p.seg21-L3.svc download complete...
2017-11-03T09:32:13.344: Finish handling segment 20
==================================================
2017-11-03T09:32:13.344:
==================================================
Start handling segment 21, previous reference speed: 6019.898628548516KB/s
2017-11-03T09:32:13.344: Threshold of 0: 174KB/s
2017-11-03T09:32:13.344: Threshold of 1: 445KB/s
2017-11-03T09:32:13.344: Threshold of 2: 878KB/s
2017-11-03T09:32:13.344: Threshold of 3: 1545KB/s
2017-11-03T09:32:13.344: SelectedLayer: 3
2017-11-03T09:32:13.365: FileName: factory-I-720p.seg22-L0.svc download complete...
2017-11-03T09:32:13.381: FileName: factory-I-720p.seg22-L1.svc download complete...
2017-11-03T09:32:13.441: FileName: factory-I-720p.seg22-L2.svc download complete...
2017-11-03T09:32:13.460: FileName: factory-I-720p.seg22-L3.svc download complete...
2017-11-03T09:32:13.519: Finish handling segment 21
==================================================
2017-11-03T09:32:13.519:
==================================================
Start handling segment 22, previous reference speed: 10773.424654851786KB/s
2017-11-03T09:32:13.520: Threshold of 0: 174KB/s
2017-11-03T09:32:13.520: Threshold of 1: 445KB/s
2017-11-03T09:32:13.520: Threshold of 2: 878KB/s
2017-11-03T09:32:13.520: Threshold of 3: 1545KB/s
2017-11-03T09:32:13.520: SelectedLayer: 3
2017-11-03T09:32:13.541: FileName: factory-I-720p.seg23-L0.svc download complete...
2017-11-03T09:32:13.559: FileName: factory-I-720p.seg23-L1.svc download complete...
2017-11-03T09:32:13.576: FileName: factory-I-720p.seg23-L2.svc download complete...
2017-11-03T09:32:13.598: FileName: factory-I-720p.seg23-L3.svc download complete...
2017-11-03T09:32:13.665: Finish handling segment 22
==================================================
2017-11-03T09:32:13.665:
==================================================
Start handling segment 23, previous reference speed: 10754.856411262488KB/s
2017-11-03T09:32:13.665: Threshold of 0: 174KB/s
2017-11-03T09:32:13.665: Threshold of 1: 445KB/s
2017-11-03T09:32:13.665: Threshold of 2: 878KB/s
2017-11-03T09:32:13.665: Threshold of 3: 1545KB/s
2017-11-03T09:32:13.665: SelectedLayer: 3
2017-11-03T09:32:13.691: FileName: factory-I-720p.seg24-L0.svc download complete...
2017-11-03T09:32:13.748: FileName: factory-I-720p.seg24-L1.svc download complete...
2017-11-03T09:32:13.833: FileName: factory-I-720p.seg24-L2.svc download complete...
2017-11-03T09:32:13.930: FileName: factory-I-720p.seg24-L3.svc download complete...
2017-11-03T09:32:14.019: Finish handling segment 23
==================================================
2017-11-03T09:32:14.019:
==================================================
Start handling segment 24, previous reference speed: 3949.2805131669325KB/s
2017-11-03T09:32:14.019: Threshold of 0: 174KB/s
2017-11-03T09:32:14.019: Threshold of 1: 445KB/s
2017-11-03T09:32:14.019: Threshold of 2: 878KB/s
2017-11-03T09:32:14.019: Threshold of 3: 1545KB/s
2017-11-03T09:32:14.019: SelectedLayer: 3
2017-11-03T09:32:14.057: FileName: factory-I-720p.seg25-L0.svc download complete...
2017-11-03T09:32:14.103: FileName: factory-I-720p.seg25-L1.svc download complete...
2017-11-03T09:32:14.113: FileName: factory-I-720p.seg25-L2.svc download complete...
2017-11-03T09:32:14.130: FileName: factory-I-720p.seg25-L3.svc download complete...
2017-11-03T09:32:14.249: Finish handling segment 24
==================================================
2017-11-03T09:32:14.249:
==================================================
Start handling segment 25, previous reference speed: 6594.217173117918KB/s
2017-11-03T09:32:14.249: Threshold of 0: 174KB/s
2017-11-03T09:32:14.249: Threshold of 1: 445KB/s
2017-11-03T09:32:14.249: Threshold of 2: 878KB/s
2017-11-03T09:32:14.249: Threshold of 3: 1545KB/s
2017-11-03T09:32:14.249: SelectedLayer: 3
2017-11-03T09:32:14.268: FileName: factory-I-720p.seg26-L0.svc download complete...
2017-11-03T09:32:14.284: FileName: factory-I-720p.seg26-L1.svc download complete...
2017-11-03T09:32:14.324: FileName: factory-I-720p.seg26-L2.svc download complete...
2017-11-03T09:32:14.350: FileName: factory-I-720p.seg26-L3.svc download complete...
2017-11-03T09:32:14.409: Finish handling segment 25
==================================================
2017-11-03T09:32:14.409:
==================================================
Start handling segment 26, previous reference speed: 5835.648708946191KB/s
2017-11-03T09:32:14.409: Threshold of 0: 174KB/s
2017-11-03T09:32:14.409: Threshold of 1: 445KB/s
2017-11-03T09:32:14.409: Threshold of 2: 878KB/s
2017-11-03T09:32:14.409: Threshold of 3: 1545KB/s
2017-11-03T09:32:14.409: SelectedLayer: 3
2017-11-03T09:32:14.436: FileName: factory-I-720p.seg27-L0.svc download complete...
2017-11-03T09:32:14.483: FileName: factory-I-720p.seg27-L1.svc download complete...
2017-11-03T09:32:14.509: FileName: factory-I-720p.seg27-L2.svc download complete...
2017-11-03T09:32:14.523: FileName: factory-I-720p.seg27-L3.svc download complete...
2017-11-03T09:32:14.579: Finish handling segment 26
==================================================
2017-11-03T09:32:14.579: Shutting down Client in 5s
