Name:factory-I-720p.mpd >> Download complete...
Start processing...
2017-11-03T09:31:59.731:
========================================================
Video information:
Video resolution:1280x720
LayerID is: [0, 1, 2, 3]
Bandwidth requirement for each layer: [1398911.0, 2162327.0, 3466219.0, 5337282.0] bits/s
Number of segments: 27
Duration of each segment: 48 frames
========================================================
2017-11-03T09:31:59.777: FileName: factory-I-720p.init.svc download complete...
2017-11-03T09:31:59.777:
==================================================
Start handling segment 0, previous reference speed: 8.666697890782705KB/s
2017-11-03T09:31:59.777: Threshold of 0: 174KB/s
2017-11-03T09:31:59.778: Threshold of 1: 445KB/s
2017-11-03T09:31:59.778: SelectedLayer: 0
2017-11-03T09:31:59.858: FileName: factory-I-720p.seg1-L0.svc download complete...
2017-11-03T09:31:59.974: Finish handling segment 0
==================================================
2017-11-03T09:32:00.109:
==================================================
Start handling segment 1, previous reference speed: 3837.265852767487KB/s
2017-11-03T09:32:00.109: Threshold of 0: 174KB/s
2017-11-03T09:32:00.109: Threshold of 1: 445KB/s
2017-11-03T09:32:00.109: Threshold of 2: 878KB/s
2017-11-03T09:32:00.110: Threshold of 3: 1545KB/s
2017-11-03T09:32:00.110: SelectedLayer: 3
2017-11-03T09:32:00.369: FileName: factory-I-720p.seg2-L0.svc download complete...
2017-11-03T09:32:00.451: FileName: factory-I-720p.seg2-L1.svc download complete...
2017-11-03T09:32:00.599: FileName: factory-I-720p.seg2-L2.svc download complete...
2017-11-03T09:32:00.691: FileName: factory-I-720p.seg2-L3.svc download complete...
2017-11-03T09:32:00.786: Finish handling segment 1
==================================================
2017-11-03T09:32:00.832:
==================================================
Start handling segment 2, previous reference speed: 15884.57744216696KB/s
2017-11-03T09:32:00.832: Threshold of 0: 174KB/s
2017-11-03T09:32:00.832: Threshold of 1: 445KB/s
2017-11-03T09:32:00.832: Threshold of 2: 878KB/s
2017-11-03T09:32:00.833: Threshold of 3: 1545KB/s
2017-11-03T09:32:00.833: SelectedLayer: 3
2017-11-03T09:32:00.873: FileName: factory-I-720p.seg3-L0.svc download complete...
2017-11-03T09:32:00.923: FileName: factory-I-720p.seg3-L1.svc download complete...
2017-11-03T09:32:00.975: FileName: factory-I-720p.seg3-L2.svc download complete...
2017-11-03T09:32:01.067: FileName: factory-I-720p.seg3-L3.svc download complete...
2017-11-03T09:32:01.153: Finish handling segment 2
==================================================
2017-11-03T09:32:01.153:
==================================================
Start handling segment 3, previous reference speed: 9727.09761849862KB/s
2017-11-03T09:32:01.153: Threshold of 0: 174KB/s
2017-11-03T09:32:01.153: Threshold of 1: 445KB/s
2017-11-03T09:32:01.153: Threshold of 2: 878KB/s
2017-11-03T09:32:01.153: Threshold of 3: 1545KB/s
2017-11-03T09:32:01.153: SelectedLayer: 3
2017-11-03T09:32:01.235: FileName: factory-I-720p.seg4-L0.svc download complete...
2017-11-03T09:32:01.256: FileName: factory-I-720p.seg4-L1.svc download complete...
2017-11-03T09:32:01.278: FileName: factory-I-720p.seg4-L2.svc download complete...
2017-11-03T09:32:01.347: FileName: factory-I-720p.seg4-L3.svc download complete...
2017-11-03T09:32:01.379: Finish handling segment 3
==================================================
2017-11-03T09:32:01.379:
==================================================
Start handling segment 4, previous reference speed: 7559.048859121679KB/s
2017-11-03T09:32:01.379: Threshold of 0: 174KB/s
2017-11-03T09:32:01.379: Threshold of 1: 445KB/s
2017-11-03T09:32:01.379: Threshold of 2: 878KB/s
2017-11-03T09:32:01.379: Threshold of 3: 1545KB/s
2017-11-03T09:32:01.379: SelectedLayer: 3
2017-11-03T09:32:01.420: FileName: factory-I-720p.seg5-L0.svc download complete...
2017-11-03T09:32:01.480: FileName: factory-I-720p.seg5-L1.svc download complete...
2017-11-03T09:32:01.520: FileName: factory-I-720p.seg5-L2.svc download complete...
2017-11-03T09:32:01.607: FileName: factory-I-720p.seg5-L3.svc download complete...
2017-11-03T09:32:01.698: Finish handling segment 4
==================================================
2017-11-03T09:32:01.698:
==================================================
Start handling segment 5, previous reference speed: 8315.642854592332KB/s
2017-11-03T09:32:01.698: Threshold of 0: 174KB/s
2017-11-03T09:32:01.698: Threshold of 1: 445KB/s
2017-11-03T09:32:01.699: Threshold of 2: 878KB/s
2017-11-03T09:32:01.699: Threshold of 3: 1545KB/s
2017-11-03T09:32:01.699: SelectedLayer: 3
2017-11-03T09:32:01.738: FileName: factory-I-720p.seg6-L0.svc download complete...
2017-11-03T09:32:01.760: FileName: factory-I-720p.seg6-L1.svc download complete...
2017-11-03T09:32:01.786: FileName: factory-I-720p.seg6-L2.svc download complete...
2017-11-03T09:32:01.868: FileName: factory-I-720p.seg6-L3.svc download complete...
2017-11-03T09:32:01.932: Finish handling segment 5
==================================================
2017-11-03T09:32:02.085:
==================================================
Start handling segment 6, previous reference speed: 11471.895338182523KB/s
2017-11-03T09:32:02.085: Threshold of 0: 174KB/s
2017-11-03T09:32:02.085: Threshold of 1: 445KB/s
2017-11-03T09:32:02.085: Threshold of 2: 878KB/s
2017-11-03T09:32:02.086: Threshold of 3: 1545KB/s
2017-11-03T09:32:02.086: SelectedLayer: 3
2017-11-03T09:32:02.120: FileName: factory-I-720p.seg7-L0.svc download complete...
2017-11-03T09:32:02.162: FileName: factory-I-720p.seg7-L1.svc download complete...
2017-11-03T09:32:02.197: FileName: factory-I-720p.seg7-L2.svc download complete...
2017-11-03T09:32:02.216: FileName: factory-I-720p.seg7-L3.svc download complete...
2017-11-03T09:32:02.276: Finish handling segment 6
==================================================
2017-11-03T09:32:02.276:
==================================================
Start handling segment 7, previous reference speed: 21305.24430862153KB/s
2017-11-03T09:32:02.277: Threshold of 0: 174KB/s
2017-11-03T09:32:02.277: Threshold of 1: 445KB/s
2017-11-03T09:32:02.277: Threshold of 2: 878KB/s
2017-11-03T09:32:02.277: Threshold of 3: 1545KB/s
2017-11-03T09:32:02.277: SelectedLayer: 3
2017-11-03T09:32:02.313: FileName: factory-I-720p.seg8-L0.svc download complete...
2017-11-03T09:32:02.338: FileName: factory-I-720p.seg8-L1.svc download complete...
2017-11-03T09:32:02.359: FileName: factory-I-720p.seg8-L2.svc download complete...
2017-11-03T09:32:02.402: FileName: factory-I-720p.seg8-L3.svc download complete...
2017-11-03T09:32:02.447: Finish handling segment 7
==================================================
2017-11-03T09:32:02.448:
==================================================
Start handling segment 8, previous reference speed: 15340.114776288712KB/s
2017-11-03T09:32:02.448: Threshold of 0: 174KB/s
2017-11-03T09:32:02.448: Threshold of 1: 445KB/s
2017-11-03T09:32:02.448: Threshold of 2: 878KB/s
2017-11-03T09:32:02.448: Threshold of 3: 1545KB/s
2017-11-03T09:32:02.448: SelectedLayer: 3
2017-11-03T09:32:02.478: FileName: factory-I-720p.seg9-L0.svc download complete...
2017-11-03T09:32:02.499: FileName: factory-I-720p.seg9-L1.svc download complete...
2017-11-03T09:32:02.529: FileName: factory-I-720p.seg9-L2.svc download complete...
2017-11-03T09:32:02.580: FileName: factory-I-720p.seg9-L3.svc download complete...
2017-11-03T09:32:02.620: Finish handling segment 8
==================================================
2017-11-03T09:32:02.620:
==================================================
Start handling segment 9, previous reference speed: 17618.901794274985KB/s
2017-11-03T09:32:02.621: Threshold of 0: 174KB/s
2017-11-03T09:32:02.621: Threshold of 1: 445KB/s
2017-11-03T09:32:02.621: Threshold of 2: 878KB/s
2017-11-03T09:32:02.621: Threshold of 3: 1545KB/s
2017-11-03T09:32:02.621: SelectedLayer: 3
2017-11-03T09:32:02.649: FileName: factory-I-720p.seg10-L0.svc download complete...
2017-11-03T09:32:02.726: FileName: factory-I-720p.seg10-L1.svc download complete...
2017-11-03T09:32:02.784: FileName: factory-I-720p.seg10-L2.svc download complete...
2017-11-03T09:32:02.818: FileName: factory-I-720p.seg10-L3.svc download complete...
2017-11-03T09:32:02.883: Finish handling segment 9
==================================================
2017-11-03T09:32:02.883:
==================================================
Start handling segment 10, previous reference speed: 20410.610779412193KB/s
2017-11-03T09:32:02.883: Threshold of 0: 174KB/s
2017-11-03T09:32:02.883: Threshold of 1: 445KB/s
2017-11-03T09:32:02.883: Threshold of 2: 878KB/s
2017-11-03T09:32:02.883: Threshold of 3: 1545KB/s
2017-11-03T09:32:02.883: SelectedLayer: 3
2017-11-03T09:32:02.925: FileName: factory-I-720p.seg11-L0.svc download complete...
2017-11-03T09:32:02.944: FileName: factory-I-720p.seg11-L1.svc download complete...
2017-11-03T09:32:02.983: FileName: factory-I-720p.seg11-L2.svc download complete...
2017-11-03T09:32:03.031: FileName: factory-I-720p.seg11-L3.svc download complete...
2017-11-03T09:32:03.081: Finish handling segment 10
==================================================
2017-11-03T09:32:03.081:
==================================================
Start handling segment 11, previous reference speed: 18610.035114822193KB/s
2017-11-03T09:32:03.082: Threshold of 0: 174KB/s
2017-11-03T09:32:03.082: Threshold of 1: 445KB/s
2017-11-03T09:32:03.082: Threshold of 2: 878KB/s
2017-11-03T09:32:03.082: Threshold of 3: 1545KB/s
2017-11-03T09:32:03.082: SelectedLayer: 3
2017-11-03T09:32:03.108: FileName: factory-I-720p.seg12-L0.svc download complete...
2017-11-03T09:32:03.135: FileName: factory-I-720p.seg12-L1.svc download complete...
2017-11-03T09:32:03.156: FileName: factory-I-720p.seg12-L2.svc download complete...
2017-11-03T09:32:03.211: FileName: factory-I-720p.seg12-L3.svc download complete...
2017-11-03T09:32:03.268: Finish handling segment 11
==================================================
2017-11-03T09:32:03.269:
==================================================
Start handling segment 12, previous reference speed: 16245.02957850661KB/s
2017-11-03T09:32:03.269: Threshold of 0: 174KB/s
2017-11-03T09:32:03.269: Threshold of 1: 445KB/s
2017-11-03T09:32:03.269: Threshold of 2: 878KB/s
2017-11-03T09:32:03.269: Threshold of 3: 1545KB/s
2017-11-03T09:32:03.269: SelectedLayer: 3
2017-11-03T09:32:03.313: FileName: factory-I-720p.seg13-L0.svc download complete...
2017-11-03T09:32:03.324: FileName: factory-I-720p.seg13-L1.svc download complete...
2017-11-03T09:32:03.339: FileName: factory-I-720p.seg13-L2.svc download complete...
2017-11-03T09:32:03.357: FileName: factory-I-720p.seg13-L3.svc download complete...
2017-11-03T09:32:03.398: Finish handling segment 12
==================================================
2017-11-03T09:32:03.398:
==================================================
Start handling segment 13, previous reference speed: 25969.002362986128KB/s
2017-11-03T09:32:03.398: Threshold of 0: 174KB/s
2017-11-03T09:32:03.398: Threshold of 1: 445KB/s
2017-11-03T09:32:03.398: Threshold of 2: 878KB/s
2017-11-03T09:32:03.398: Threshold of 3: 1545KB/s
2017-11-03T09:32:03.398: SelectedLayer: 3
2017-11-03T09:32:03.445: FileName: factory-I-720p.seg14-L0.svc download complete...
2017-11-03T09:32:03.473: FileName: factory-I-720p.seg14-L1.svc download complete...
2017-11-03T09:32:03.505: FileName: factory-I-720p.seg14-L2.svc download complete...
2017-11-03T09:32:03.544: FileName: factory-I-720p.seg14-L3.svc download complete...
2017-11-03T09:32:03.595: Finish handling segment 13
==================================================
2017-11-03T09:32:03.595:
==================================================
Start handling segment 14, previous reference speed: 12312.805801371538KB/s
2017-11-03T09:32:03.595: Threshold of 0: 174KB/s
2017-11-03T09:32:03.595: Threshold of 1: 445KB/s
2017-11-03T09:32:03.595: Threshold of 2: 878KB/s
2017-11-03T09:32:03.595: Threshold of 3: 1545KB/s
2017-11-03T09:32:03.595: SelectedLayer: 3
2017-11-03T09:32:03.634: FileName: factory-I-720p.seg15-L0.svc download complete...
2017-11-03T09:32:03.657: FileName: factory-I-720p.seg15-L1.svc download complete...
2017-11-03T09:32:03.681: FileName: factory-I-720p.seg15-L2.svc download complete...
2017-11-03T09:32:03.959: FileName: factory-I-720p.seg15-L3.svc download complete...
2017-11-03T09:32:03.998: Finish handling segment 14
==================================================
2017-11-03T09:32:03.998:
==================================================
Start handling segment 15, previous reference speed: 11664.810542527399KB/s
2017-11-03T09:32:03.998: Threshold of 0: 174KB/s
2017-11-03T09:32:03.998: Threshold of 1: 445KB/s
2017-11-03T09:32:03.999: Threshold of 2: 878KB/s
2017-11-03T09:32:03.999: Threshold of 3: 1545KB/s
2017-11-03T09:32:03.999: SelectedLayer: 3
2017-11-03T09:32:04.023: FileName: factory-I-720p.seg16-L0.svc download complete...
2017-11-03T09:32:04.056: FileName: factory-I-720p.seg16-L1.svc download complete...
2017-11-03T09:32:04.105: FileName: factory-I-720p.seg16-L2.svc download complete...
2017-11-03T09:32:04.209: FileName: factory-I-720p.seg16-L3.svc download complete...
2017-11-03T09:32:04.370: Finish handling segment 15
==================================================
2017-11-03T09:32:04.370:
==================================================
Start handling segment 16, previous reference speed: 5067.498805378542KB/s
2017-11-03T09:32:04.370: Threshold of 0: 174KB/s
2017-11-03T09:32:04.370: Threshold of 1: 445KB/s
2017-11-03T09:32:04.371: Threshold of 2: 878KB/s
2017-11-03T09:32:04.371: Threshold of 3: 1545KB/s
2017-11-03T09:32:04.371: SelectedLayer: 3
2017-11-03T09:32:04.428: FileName: factory-I-720p.seg17-L0.svc download complete...
2017-11-03T09:32:04.492: FileName: factory-I-720p.seg17-L1.svc download complete...
2017-11-03T09:32:04.523: FileName: factory-I-720p.seg17-L2.svc download complete...
2017-11-03T09:32:04.555: FileName: factory-I-720p.seg17-L3.svc download complete...
2017-11-03T09:32:04.643: Finish handling segment 16
==================================================
2017-11-03T09:32:04.643:
==================================================
Start handling segment 17, previous reference speed: 14364.079098621012KB/s
2017-11-03T09:32:04.644: Threshold of 0: 174KB/s
2017-11-03T09:32:04.644: Threshold of 1: 445KB/s
2017-11-03T09:32:04.644: Threshold of 2: 878KB/s
2017-11-03T09:32:04.644: Threshold of 3: 1545KB/s
2017-11-03T09:32:04.644: SelectedLayer: 3
2017-11-03T09:32:04.668: FileName: factory-I-720p.seg18-L0.svc download complete...
2017-11-03T09:32:04.808: FileName: factory-I-720p.seg18-L1.svc download complete...
2017-11-03T09:32:04.831: FileName: factory-I-720p.seg18-L2.svc download complete...
2017-11-03T09:32:04.864: FileName: factory-I-720p.seg18-L3.svc download complete...
2017-11-03T09:32:04.941: Finish handling segment 17
==================================================
2017-11-03T09:32:04.941:
==================================================
Start handling segment 18, previous reference speed: 7062.759208623529KB/s
2017-11-03T09:32:04.941: Threshold of 0: 174KB/s
2017-11-03T09:32:04.941: Threshold of 1: 445KB/s
2017-11-03T09:32:04.941: Threshold of 2: 878KB/s
2017-11-03T09:32:04.941: Threshold of 3: 1545KB/s
2017-11-03T09:32:04.941: SelectedLayer: 3
2017-11-03T09:32:04.962: FileName: factory-I-720p.seg19-L0.svc download complete...
2017-11-03T09:32:04.981: FileName: factory-I-720p.seg19-L1.svc download complete...
2017-11-03T09:32:04.993: FileName: factory-I-720p.seg19-L2.svc download complete...
2017-11-03T09:32:05.022: FileName: factory-I-720p.seg19-L3.svc download complete...
2017-11-03T09:32:05.137: Finish handling segment 18
==================================================
2017-11-03T09:32:05.138:
==================================================
Start handling segment 19, previous reference speed: 9309.444041047853KB/s
2017-11-03T09:32:05.138: Threshold of 0: 174KB/s
2017-11-03T09:32:05.138: Threshold of 1: 445KB/s
2017-11-03T09:32:05.138: Threshold of 2: 878KB/s
2017-11-03T09:32:05.138: Threshold of 3: 1545KB/s
2017-11-03T09:32:05.138: SelectedLayer: 3
2017-11-03T09:32:05.175: FileName: factory-I-720p.seg20-L0.svc download complete...
2017-11-03T09:32:05.187: FileName: factory-I-720p.seg20-L1.svc download complete...
2017-11-03T09:32:05.199: FileName: factory-I-720p.seg20-L2.svc download complete...
2017-11-03T09:32:05.220: FileName: factory-I-720p.seg20-L3.svc download complete...
2017-11-03T09:32:05.315: Finish handling segment 19
==================================================
2017-11-03T09:32:05.315:
==================================================
Start handling segment 20, previous reference speed: 6992.665381728181KB/s
2017-11-03T09:32:05.315: Threshold of 0: 174KB/s
2017-11-03T09:32:05.315: Threshold of 1: 445KB/s
2017-11-03T09:32:05.315: Threshold of 2: 878KB/s
2017-11-03T09:32:05.315: Threshold of 3: 1545KB/s
2017-11-03T09:32:05.315: SelectedLayer: 3
2017-11-03T09:32:05.335: FileName: factory-I-720p.seg21-L0.svc download complete...
2017-11-03T09:32:05.353: FileName: factory-I-720p.seg21-L1.svc download complete...
2017-11-03T09:32:05.389: FileName: factory-I-720p.seg21-L2.svc download complete...
2017-11-03T09:32:05.483: FileName: factory-I-720p.seg21-L3.svc download complete...
2017-11-03T09:32:05.596: Finish handling segment 20
==================================================
2017-11-03T09:32:05.596:
==================================================
Start handling segment 21, previous reference speed: 2848.1129640501345KB/s
2017-11-03T09:32:05.596: Threshold of 0: 174KB/s
2017-11-03T09:32:05.596: Threshold of 1: 445KB/s
2017-11-03T09:32:05.596: Threshold of 2: 878KB/s
2017-11-03T09:32:05.596: Threshold of 3: 1545KB/s
2017-11-03T09:32:05.596: SelectedLayer: 3
2017-11-03T09:32:05.612: FileName: factory-I-720p.seg22-L0.svc download complete...
2017-11-03T09:32:05.638: FileName: factory-I-720p.seg22-L1.svc download complete...
2017-11-03T09:32:05.651: FileName: factory-I-720p.seg22-L2.svc download complete...
2017-11-03T09:32:05.682: FileName: factory-I-720p.seg22-L3.svc download complete...
2017-11-03T09:32:05.765: Finish handling segment 21
==================================================
2017-11-03T09:32:05.765:
==================================================
Start handling segment 22, previous reference speed: 6255.601044369074KB/s
2017-11-03T09:32:05.765: Threshold of 0: 174KB/s
2017-11-03T09:32:05.765: Threshold of 1: 445KB/s
2017-11-03T09:32:05.765: Threshold of 2: 878KB/s
2017-11-03T09:32:05.765: Threshold of 3: 1545KB/s
2017-11-03T09:32:05.765: SelectedLayer: 3
2017-11-03T09:32:05.781: FileName: factory-I-720p.seg23-L0.svc download complete...
2017-11-03T09:32:05.814: FileName: factory-I-720p.seg23-L1.svc download complete...
2017-11-03T09:32:05.845: FileName: factory-I-720p.seg23-L2.svc download complete...
2017-11-03T09:32:05.869: FileName: factory-I-720p.seg23-L3.svc download complete...
2017-11-03T09:32:05.963: Finish handling segment 22
==================================================
2017-11-03T09:32:05.963:
==================================================
Start handling segment 23, previous reference speed: 17373.13855232366KB/s
2017-11-03T09:32:05.963: Threshold of 0: 174KB/s
2017-11-03T09:32:05.963: Threshold of 1: 445KB/s
2017-11-03T09:32:05.963: Threshold of 2: 878KB/s
2017-11-03T09:32:05.963: Threshold of 3: 1545KB/s
2017-11-03T09:32:05.963: SelectedLayer: 3
2017-11-03T09:32:05.979: FileName: factory-I-720p.seg24-L0.svc download complete...
2017-11-03T09:32:05.996: FileName: factory-I-720p.seg24-L1.svc download complete...
2017-11-03T09:32:06.035: FileName: factory-I-720p.seg24-L2.svc download complete...
2017-11-03T09:32:06.072: FileName: factory-I-720p.seg24-L3.svc download complete...
2017-11-03T09:32:06.132: Finish handling segment 23
==================================================
2017-11-03T09:32:06.132:
==================================================
Start handling segment 24, previous reference speed: 9214.996582403392KB/s
2017-11-03T09:32:06.132: Threshold of 0: 174KB/s
2017-11-03T09:32:06.132: Threshold of 1: 445KB/s
2017-11-03T09:32:06.132: Threshold of 2: 878KB/s
2017-11-03T09:32:06.132: Threshold of 3: 1545KB/s
2017-11-03T09:32:06.132: SelectedLayer: 3
2017-11-03T09:32:06.168: FileName: factory-I-720p.seg25-L0.svc download complete...
2017-11-03T09:32:06.176: FileName: factory-I-720p.seg25-L1.svc download complete...
2017-11-03T09:32:06.185: FileName: factory-I-720p.seg25-L2.svc download complete...
2017-11-03T09:32:06.200: FileName: factory-I-720p.seg25-L3.svc download complete...
2017-11-03T09:32:06.262: Finish handling segment 24
==================================================
2017-11-03T09:32:06.262:
==================================================
Start handling segment 25, previous reference speed: 7473.481066709051KB/s
2017-11-03T09:32:06.262: Threshold of 0: 174KB/s
2017-11-03T09:32:06.262: Threshold of 1: 445KB/s
2017-11-03T09:32:06.262: Threshold of 2: 878KB/s
2017-11-03T09:32:06.262: Threshold of 3: 1545KB/s
2017-11-03T09:32:06.262: SelectedLayer: 3
2017-11-03T09:32:06.305: FileName: factory-I-720p.seg26-L0.svc download complete...
2017-11-03T09:32:06.324: FileName: factory-I-720p.seg26-L1.svc download complete...
2017-11-03T09:32:06.340: FileName: factory-I-720p.seg26-L2.svc download complete...
2017-11-03T09:32:06.354: FileName: factory-I-720p.seg26-L3.svc download complete...
2017-11-03T09:32:06.422: Finish handling segment 25
==================================================
2017-11-03T09:32:06.422:
==================================================
Start handling segment 26, previous reference speed: 10837.505543297968KB/s
2017-11-03T09:32:06.422: Threshold of 0: 174KB/s
2017-11-03T09:32:06.422: Threshold of 1: 445KB/s
2017-11-03T09:32:06.422: Threshold of 2: 878KB/s
2017-11-03T09:32:06.422: Threshold of 3: 1545KB/s
2017-11-03T09:32:06.422: SelectedLayer: 3
2017-11-03T09:32:06.432: FileName: factory-I-720p.seg27-L0.svc download complete...
2017-11-03T09:32:06.444: FileName: factory-I-720p.seg27-L1.svc download complete...
2017-11-03T09:32:06.477: FileName: factory-I-720p.seg27-L2.svc download complete...
2017-11-03T09:32:06.526: FileName: factory-I-720p.seg27-L3.svc download complete...
2017-11-03T09:32:07.226: Finish handling segment 26
==================================================
2017-11-03T09:32:07.226: Shutting down Client in 5s
