Name:factory-I-720p.mpd >> Download complete...
Start processing...
2017-11-03T09:31:59.938:
========================================================
Video information:
Video resolution:1280x720
LayerID is: [0, 1, 2, 3]
Bandwidth requirement for each layer: [1398911.0, 2162327.0, 3466219.0, 5337282.0] bits/s
Number of segments: 27
Duration of each segment: 48 frames
========================================================
2017-11-03T09:31:59.962: FileName: factory-I-720p.init.svc download complete...
2017-11-03T09:31:59.962:
==================================================
Start handling segment 0, previous reference speed: 17.727212787862367KB/s
2017-11-03T09:31:59.963: Threshold of 0: 174KB/s
2017-11-03T09:31:59.963: Threshold of 1: 445KB/s
2017-11-03T09:31:59.963: SelectedLayer: 0
2017-11-03T09:32:00.064: FileName: factory-I-720p.seg1-L0.svc download complete...
2017-11-03T09:32:00.108: Finish handling segment 0
==================================================
2017-11-03T09:32:00.221:
==================================================
Start handling segment 1, previous reference speed: 3023.3037292720282KB/s
2017-11-03T09:32:00.221: Threshold of 0: 174KB/s
2017-11-03T09:32:00.221: Threshold of 1: 445KB/s
2017-11-03T09:32:00.221: Threshold of 2: 878KB/s
2017-11-03T09:32:00.221: Threshold of 3: 1545KB/s
2017-11-03T09:32:00.221: SelectedLayer: 3
2017-11-03T09:32:00.530: FileName: factory-I-720p.seg2-L0.svc download complete...
2017-11-03T09:32:00.649: FileName: factory-I-720p.seg2-L1.svc download complete...
2017-11-03T09:32:00.699: FileName: factory-I-720p.seg2-L2.svc download complete...
2017-11-03T09:32:00.839: FileName: factory-I-720p.seg2-L3.svc download complete...
2017-11-03T09:32:00.893: Finish handling segment 1
==================================================
2017-11-03T09:32:00.894:
==================================================
Start handling segment 2, previous reference speed: 13455.17043207037KB/s
2017-11-03T09:32:00.894: Threshold of 0: 174KB/s
2017-11-03T09:32:00.894: Threshold of 1: 445KB/s
2017-11-03T09:32:00.894: Threshold of 2: 878KB/s
2017-11-03T09:32:00.894: Threshold of 3: 1545KB/s
2017-11-03T09:32:00.894: SelectedLayer: 3
2017-11-03T09:32:00.921: FileName: factory-I-720p.seg3-L0.svc download complete...
2017-11-03T09:32:00.989: FileName: factory-I-720p.seg3-L1.svc download complete...
2017-11-03T09:32:01.035: FileName: factory-I-720p.seg3-L2.svc download complete...
2017-11-03T09:32:01.111: FileName: factory-I-720p.seg3-L3.svc download complete...
2017-11-03T09:32:01.164: Finish handling segment 2
==================================================
2017-11-03T09:32:01.165:
==================================================
Start handling segment 3, previous reference speed: 11834.677953095073KB/s
2017-11-03T09:32:01.165: Threshold of 0: 174KB/s
2017-11-03T09:32:01.165: Threshold of 1: 445KB/s
2017-11-03T09:32:01.165: Threshold of 2: 878KB/s
2017-11-03T09:32:01.165: Threshold of 3: 1545KB/s
2017-11-03T09:32:01.165: SelectedLayer: 3
2017-11-03T09:32:01.201: FileName: factory-I-720p.seg4-L0.svc download complete...
2017-11-03T09:32:01.284: FileName: factory-I-720p.seg4-L1.svc download complete...
2017-11-03T09:32:01.369: FileName: factory-I-720p.seg4-L2.svc download complete...
2017-11-03T09:32:01.431: FileName: factory-I-720p.seg4-L3.svc download complete...
2017-11-03T09:32:01.490: Finish handling segment 3
==================================================
2017-11-03T09:32:01.490:
==================================================
Start handling segment 4, previous reference speed: 7559.019314622068KB/s
2017-11-03T09:32:01.490: Threshold of 0: 174KB/s
2017-11-03T09:32:01.490: Threshold of 1: 445KB/s
2017-11-03T09:32:01.490: Threshold of 2: 878KB/s
2017-11-03T09:32:01.490: Threshold of 3: 1545KB/s
2017-11-03T09:32:01.490: SelectedLayer: 3
2017-11-03T09:32:01.537: FileName: factory-I-720p.seg5-L0.svc download complete...
2017-11-03T09:32:01.570: FileName: factory-I-720p.seg5-L1.svc download complete...
2017-11-03T09:32:01.620: FileName: factory-I-720p.seg5-L2.svc download complete...
2017-11-03T09:32:01.665: FileName: factory-I-720p.seg5-L3.svc download complete...
2017-11-03T09:32:01.699: Finish handling segment 4
==================================================
2017-11-03T09:32:01.699:
==================================================
Start handling segment 5, previous reference speed: 16253.240498943376KB/s
2017-11-03T09:32:01.699: Threshold of 0: 174KB/s
2017-11-03T09:32:01.699: Threshold of 1: 445KB/s
2017-11-03T09:32:01.699: Threshold of 2: 878KB/s
2017-11-03T09:32:01.700: Threshold of 3: 1545KB/s
2017-11-03T09:32:01.700: SelectedLayer: 3
2017-11-03T09:32:01.781: FileName: factory-I-720p.seg6-L0.svc download complete...
2017-11-03T09:32:01.835: FileName: factory-I-720p.seg6-L1.svc download complete...
2017-11-03T09:32:01.871: FileName: factory-I-720p.seg6-L2.svc download complete...
2017-11-03T09:32:01.909: FileName: factory-I-720p.seg6-L3.svc download complete...
2017-11-03T09:32:02.088: Finish handling segment 5
==================================================
2017-11-03T09:32:02.088:
==================================================
Start handling segment 6, previous reference speed: 18293.05626022463KB/s
2017-11-03T09:32:02.088: Threshold of 0: 174KB/s
2017-11-03T09:32:02.088: Threshold of 1: 445KB/s
2017-11-03T09:32:02.088: Threshold of 2: 878KB/s
2017-11-03T09:32:02.089: Threshold of 3: 1545KB/s
2017-11-03T09:32:02.089: SelectedLayer: 3
2017-11-03T09:32:02.125: FileName: factory-I-720p.seg7-L0.svc download complete...
2017-11-03T09:32:02.157: FileName: factory-I-720p.seg7-L1.svc download complete...
2017-11-03T09:32:02.173: FileName: factory-I-720p.seg7-L2.svc download complete...
2017-11-03T09:32:02.195: FileName: factory-I-720p.seg7-L3.svc download complete...
2017-11-03T09:32:02.247: Finish handling segment 6
==================================================
2017-11-03T09:32:02.248:
==================================================
Start handling segment 7, previous reference speed: 18261.60342379655KB/s
2017-11-03T09:32:02.248: Threshold of 0: 174KB/s
2017-11-03T09:32:02.248: Threshold of 1: 445KB/s
2017-11-03T09:32:02.248: Threshold of 2: 878KB/s
2017-11-03T09:32:02.248: Threshold of 3: 1545KB/s
2017-11-03T09:32:02.248: SelectedLayer: 3
2017-11-03T09:32:02.268: FileName: factory-I-720p.seg8-L0.svc download complete...
2017-11-03T09:32:02.285: FileName: factory-I-720p.seg8-L1.svc download complete...
2017-11-03T09:32:02.317: FileName: factory-I-720p.seg8-L2.svc download complete...
2017-11-03T09:32:02.352: FileName: factory-I-720p.seg8-L3.svc download complete...
2017-11-03T09:32:02.392: Finish handling segment 7
==================================================
2017-11-03T09:32:02.392:
==================================================
Start handling segment 8, previous reference speed: 8327.493864156238KB/s
2017-11-03T09:32:02.392: Threshold of 0: 174KB/s
2017-11-03T09:32:02.393: Threshold of 1: 445KB/s
2017-11-03T09:32:02.393: Threshold of 2: 878KB/s
2017-11-03T09:32:02.393: Threshold of 3: 1545KB/s
2017-11-03T09:32:02.393: SelectedLayer: 3
2017-11-03T09:32:02.424: FileName: factory-I-720p.seg9-L0.svc download complete...
2017-11-03T09:32:02.452: FileName: factory-I-720p.seg9-L1.svc download complete...
2017-11-03T09:32:02.481: FileName: factory-I-720p.seg9-L2.svc download complete...
2017-11-03T09:32:02.534: FileName: factory-I-720p.seg9-L3.svc download complete...
2017-11-03T09:32:02.571: Finish handling segment 8
==================================================
2017-11-03T09:32:02.571:
==================================================
Start handling segment 9, previous reference speed: 10842.41353218648KB/s
2017-11-03T09:32:02.571: Threshold of 0: 174KB/s
2017-11-03T09:32:02.571: Threshold of 1: 445KB/s
2017-11-03T09:32:02.572: Threshold of 2: 878KB/s
2017-11-03T09:32:02.572: Threshold of 3: 1545KB/s
2017-11-03T09:32:02.572: SelectedLayer: 3
2017-11-03T09:32:02.598: FileName: factory-I-720p.seg10-L0.svc download complete...
2017-11-03T09:32:02.644: FileName: factory-I-720p.seg10-L1.svc download complete...
2017-11-03T09:32:02.684: FileName: factory-I-720p.seg10-L2.svc download complete...
2017-11-03T09:32:02.786: FileName: factory-I-720p.seg10-L3.svc download complete...
2017-11-03T09:32:02.839: Finish handling segment 9
==================================================
2017-11-03T09:32:02.839:
==================================================
Start handling segment 10, previous reference speed: 6735.490364803746KB/s
2017-11-03T09:32:02.839: Threshold of 0: 174KB/s
2017-11-03T09:32:02.839: Threshold of 1: 445KB/s
2017-11-03T09:32:02.839: Threshold of 2: 878KB/s
2017-11-03T09:32:02.840: Threshold of 3: 1545KB/s
2017-11-03T09:32:02.840: SelectedLayer: 3
2017-11-03T09:32:02.862: FileName: factory-I-720p.seg11-L0.svc download complete...
2017-11-03T09:32:02.876: FileName: factory-I-720p.seg11-L1.svc download complete...
2017-11-03T09:32:02.929: FileName: factory-I-720p.seg11-L2.svc download complete...
2017-11-03T09:32:02.979: FileName: factory-I-720p.seg11-L3.svc download complete...
2017-11-03T09:32:03.024: Finish handling segment 10
==================================================
2017-11-03T09:32:03.024:
==================================================
Start handling segment 11, previous reference speed: 17090.868902506314KB/s
2017-11-03T09:32:03.024: Threshold of 0: 174KB/s
2017-11-03T09:32:03.024: Threshold of 1: 445KB/s
2017-11-03T09:32:03.024: Threshold of 2: 878KB/s
2017-11-03T09:32:03.024: Threshold of 3: 1545KB/s
2017-11-03T09:32:03.024: SelectedLayer: 3
2017-11-03T09:32:03.050: FileName: factory-I-720p.seg12-L0.svc download complete...
2017-11-03T09:32:03.067: FileName: factory-I-720p.seg12-L1.svc download complete...
2017-11-03T09:32:03.095: FileName: factory-I-720p.seg12-L2.svc download complete...
2017-11-03T09:32:03.148: FileName: factory-I-720p.seg12-L3.svc download complete...
2017-11-03T09:32:03.216: Finish handling segment 11
==================================================
2017-11-03T09:32:03.216:
==================================================
Start handling segment 12, previous reference speed: 19494.09359101638KB/s
2017-11-03T09:32:03.216: Threshold of 0: 174KB/s
2017-11-03T09:32:03.216: Threshold of 1: 445KB/s
2017-11-03T09:32:03.217: Threshold of 2: 878KB/s
2017-11-03T09:32:03.217: Threshold of 3: 1545KB/s
2017-11-03T09:32:03.217: SelectedLayer: 3
2017-11-03T09:32:03.234: FileName: factory-I-720p.seg13-L0.svc download complete...
2017-11-03T09:32:03.244: FileName: factory-I-720p.seg13-L1.svc download complete...
2017-11-03T09:32:03.256: FileName: factory-I-720p.seg13-L2.svc download complete...
2017-11-03T09:32:03.271: FileName: factory-I-720p.seg13-L3.svc download complete...
2017-11-03T09:32:03.388: Finish handling segment 12
==================================================
2017-11-03T09:32:03.388:
==================================================
Start handling segment 13, previous reference speed: 31533.851762397822KB/s
2017-11-03T09:32:03.389: Threshold of 0: 174KB/s
2017-11-03T09:32:03.389: Threshold of 1: 445KB/s
2017-11-03T09:32:03.389: Threshold of 2: 878KB/s
2017-11-03T09:32:03.389: Threshold of 3: 1545KB/s
2017-11-03T09:32:03.389: SelectedLayer: 3
2017-11-03T09:32:03.419: FileName: factory-I-720p.seg14-L0.svc download complete...
2017-11-03T09:32:03.441: FileName: factory-I-720p.seg14-L1.svc download complete...
2017-11-03T09:32:03.464: FileName: factory-I-720p.seg14-L2.svc download complete...
2017-11-03T09:32:03.498: FileName: factory-I-720p.seg14-L3.svc download complete...
2017-11-03T09:32:03.552: Finish handling segment 13
==================================================
2017-11-03T09:32:03.552:
==================================================
Start handling segment 14, previous reference speed: 15596.181540344436KB/s
2017-11-03T09:32:03.552: Threshold of 0: 174KB/s
2017-11-03T09:32:03.552: Threshold of 1: 445KB/s
2017-11-03T09:32:03.552: Threshold of 2: 878KB/s
2017-11-03T09:32:03.552: Threshold of 3: 1545KB/s
2017-11-03T09:32:03.552: SelectedLayer: 3
2017-11-03T09:32:03.575: FileName: factory-I-720p.seg15-L0.svc download complete...
2017-11-03T09:32:03.599: FileName: factory-I-720p.seg15-L1.svc download complete...
2017-11-03T09:32:03.624: FileName: factory-I-720p.seg15-L2.svc download complete...
2017-11-03T09:32:03.958: FileName: factory-I-720p.seg15-L3.svc download complete...
2017-11-03T09:32:04.007: Finish handling segment 14
==================================================
2017-11-03T09:32:04.007:
==================================================
Start handling segment 15, previous reference speed: 20855.277548883045KB/s
2017-11-03T09:32:04.007: Threshold of 0: 174KB/s
2017-11-03T09:32:04.007: Threshold of 1: 445KB/s
2017-11-03T09:32:04.007: Threshold of 2: 878KB/s
2017-11-03T09:32:04.007: Threshold of 3: 1545KB/s
2017-11-03T09:32:04.007: SelectedLayer: 3
2017-11-03T09:32:04.045: FileName: factory-I-720p.seg16-L0.svc download complete...
2017-11-03T09:32:04.075: FileName: factory-I-720p.seg16-L1.svc download complete...
2017-11-03T09:32:04.102: FileName: factory-I-720p.seg16-L2.svc download complete...
2017-11-03T09:32:04.304: FileName: factory-I-720p.seg16-L3.svc download complete...
2017-11-03T09:32:04.397: Finish handling segment 15
==================================================
2017-11-03T09:32:04.397:
==================================================
Start handling segment 16, previous reference speed: 9848.155905172336KB/s
2017-11-03T09:32:04.397: Threshold of 0: 174KB/s
2017-11-03T09:32:04.397: Threshold of 1: 445KB/s
2017-11-03T09:32:04.398: Threshold of 2: 878KB/s
2017-11-03T09:32:04.398: Threshold of 3: 1545KB/s
2017-11-03T09:32:04.398: SelectedLayer: 3
2017-11-03T09:32:04.431: FileName: factory-I-720p.seg17-L0.svc download complete...
2017-11-03T09:32:04.491: FileName: factory-I-720p.seg17-L1.svc download complete...
2017-11-03T09:32:04.611: FileName: factory-I-720p.seg17-L2.svc download complete...
2017-11-03T09:32:04.654: FileName: factory-I-720p.seg17-L3.svc download complete...
2017-11-03T09:32:04.730: Finish handling segment 16
==================================================
2017-11-03T09:32:04.730:
==================================================
Start handling segment 17, previous reference speed: 17126.33107728423KB/s
2017-11-03T09:32:04.730: Threshold of 0: 174KB/s
2017-11-03T09:32:04.730: Threshold of 1: 445KB/s
2017-11-03T09:32:04.731: Threshold of 2: 878KB/s
2017-11-03T09:32:04.731: Threshold of 3: 1545KB/s
2017-11-03T09:32:04.731: SelectedLayer: 3
2017-11-03T09:32:04.746: FileName: factory-I-720p.seg18-L0.svc download complete...
2017-11-03T09:32:04.760: FileName: factory-I-720p.seg18-L1.svc download complete...
2017-11-03T09:32:04.797: FileName: factory-I-720p.seg18-L2.svc download complete...
2017-11-03T09:32:04.835: FileName: factory-I-720p.seg18-L3.svc download complete...
2017-11-03T09:32:04.919: Finish handling segment 17
==================================================
2017-11-03T09:32:04.919:
==================================================
Start handling segment 18, previous reference speed: 9711.223750139075KB/s
2017-11-03T09:32:04.919: Threshold of 0: 174KB/s
2017-11-03T09:32:04.919: Threshold of 1: 445KB/s
2017-11-03T09:32:04.919: Threshold of 2: 878KB/s
2017-11-03T09:32:04.919: Threshold of 3: 1545KB/s
2017-11-03T09:32:04.919: SelectedLayer: 3
2017-11-03T09:32:04.932: FileName: factory-I-720p.seg19-L0.svc download complete...
2017-11-03T09:32:04.942: FileName: factory-I-720p.seg19-L1.svc download complete...
2017-11-03T09:32:04.967: FileName: factory-I-720p.seg19-L2.svc download complete...
2017-11-03T09:32:04.988: FileName: factory-I-720p.seg19-L3.svc download complete...
2017-11-03T09:32:05.133: Finish handling segment 18
==================================================
2017-11-03T09:32:05.133:
==================================================
Start handling segment 19, previous reference speed: 10639.379717347865KB/s
2017-11-03T09:32:05.133: Threshold of 0: 174KB/s
2017-11-03T09:32:05.133: Threshold of 1: 445KB/s
2017-11-03T09:32:05.133: Threshold of 2: 878KB/s
2017-11-03T09:32:05.133: Threshold of 3: 1545KB/s
2017-11-03T09:32:05.133: SelectedLayer: 3
2017-11-03T09:32:05.185: FileName: factory-I-720p.seg20-L0.svc download complete...
2017-11-03T09:32:05.222: FileName: factory-I-720p.seg20-L1.svc download complete...
2017-11-03T09:32:05.261: FileName: factory-I-720p.seg20-L2.svc download complete...
2017-11-03T09:32:05.282: FileName: factory-I-720p.seg20-L3.svc download complete...
2017-11-03T09:32:05.410: Finish handling segment 19
==================================================
2017-11-03T09:32:05.410:
==================================================
Start handling segment 20, previous reference speed: 6992.665381728181KB/s
2017-11-03T09:32:05.411: Threshold of 0: 174KB/s
2017-11-03T09:32:05.411: Threshold of 1: 445KB/s
2017-11-03T09:32:05.411: Threshold of 2: 878KB/s
2017-11-03T09:32:05.411: Threshold of 3: 1545KB/s
2017-11-03T09:32:05.411: SelectedLayer: 3
2017-11-03T09:32:05.420: FileName: factory-I-720p.seg21-L0.svc download complete...
2017-11-03T09:32:05.435: FileName: factory-I-720p.seg21-L1.svc download complete...
2017-11-03T09:32:05.485: FileName: factory-I-720p.seg21-L2.svc download complete...
2017-11-03T09:32:05.504: FileName: factory-I-720p.seg21-L3.svc download complete...
2017-11-03T09:32:05.584: Finish handling segment 20
==================================================
2017-11-03T09:32:05.584:
==================================================
Start handling segment 21, previous reference speed: 18919.403143679432KB/s
2017-11-03T09:32:05.585: Threshold of 0: 174KB/s
2017-11-03T09:32:05.585: Threshold of 1: 445KB/s
2017-11-03T09:32:05.585: Threshold of 2: 878KB/s
2017-11-03T09:32:05.585: Threshold of 3: 1545KB/s
2017-11-03T09:32:05.585: SelectedLayer: 3
2017-11-03T09:32:05.597: FileName: factory-I-720p.seg22-L0.svc download complete...
2017-11-03T09:32:05.615: FileName: factory-I-720p.seg22-L1.svc download complete...
2017-11-03T09:32:05.635: FileName: factory-I-720p.seg22-L2.svc download complete...
2017-11-03T09:32:05.658: FileName: factory-I-720p.seg22-L3.svc download complete...
2017-11-03T09:32:05.776: Finish handling segment 21
==================================================
2017-11-03T09:32:05.776:
==================================================
Start handling segment 22, previous reference speed: 8814.652014001626KB/s
2017-11-03T09:32:05.776: Threshold of 0: 174KB/s
2017-11-03T09:32:05.776: Threshold of 1: 445KB/s
2017-11-03T09:32:05.776: Threshold of 2: 878KB/s
2017-11-03T09:32:05.776: Threshold of 3: 1545KB/s
2017-11-03T09:32:05.776: SelectedLayer: 3
2017-11-03T09:32:05.788: FileName: factory-I-720p.seg23-L0.svc download complete...
2017-11-03T09:32:05.808: FileName: factory-I-720p.seg23-L1.svc download complete...
2017-11-03T09:32:05.834: FileName: factory-I-720p.seg23-L2.svc download complete...
2017-11-03T09:32:05.899: FileName: factory-I-720p.seg23-L3.svc download complete...
2017-11-03T09:32:06.001: Finish handling segment 22
==================================================
2017-11-03T09:32:06.001:
==================================================
Start handling segment 23, previous reference speed: 3474.640455358747KB/s
2017-11-03T09:32:06.001: Threshold of 0: 174KB/s
2017-11-03T09:32:06.001: Threshold of 1: 445KB/s
2017-11-03T09:32:06.001: Threshold of 2: 878KB/s
2017-11-03T09:32:06.001: Threshold of 3: 1545KB/s
2017-11-03T09:32:06.001: SelectedLayer: 3
2017-11-03T09:32:06.041: FileName: factory-I-720p.seg24-L0.svc download complete...
2017-11-03T09:32:06.077: FileName: factory-I-720p.seg24-L1.svc download complete...
2017-11-03T09:32:06.125: FileName: factory-I-720p.seg24-L2.svc download complete...
2017-11-03T09:32:06.303: FileName: factory-I-720p.seg24-L3.svc download complete...
2017-11-03T09:32:06.389: Finish handling segment 23
==================================================
2017-11-03T09:32:06.389:
==================================================
Start handling segment 24, previous reference speed: 4045.6089091770777KB/s
2017-11-03T09:32:06.389: Threshold of 0: 174KB/s
2017-11-03T09:32:06.389: Threshold of 1: 445KB/s
2017-11-03T09:32:06.389: Threshold of 2: 878KB/s
2017-11-03T09:32:06.389: Threshold of 3: 1545KB/s
2017-11-03T09:32:06.389: SelectedLayer: 3
2017-11-03T09:32:06.400: FileName: factory-I-720p.seg25-L0.svc download complete...
2017-11-03T09:32:06.419: FileName: factory-I-720p.seg25-L1.svc download complete...
2017-11-03T09:32:06.497: FileName: factory-I-720p.seg25-L2.svc download complete...
2017-11-03T09:32:06.530: FileName: factory-I-720p.seg25-L3.svc download complete...
2017-11-03T09:32:07.267: Finish handling segment 24
==================================================
2017-11-03T09:32:07.267:
==================================================
Start handling segment 25, previous reference speed: 3616.209786747062KB/s
2017-11-03T09:32:07.267: Threshold of 0: 174KB/s
2017-11-03T09:32:07.267: Threshold of 1: 445KB/s
2017-11-03T09:32:07.267: Threshold of 2: 878KB/s
2017-11-03T09:32:07.267: Threshold of 3: 1545KB/s
2017-11-03T09:32:07.267: SelectedLayer: 3
2017-11-03T09:32:07.289: FileName: factory-I-720p.seg26-L0.svc download complete...
2017-11-03T09:32:07.311: FileName: factory-I-720p.seg26-L1.svc download complete...
2017-11-03T09:32:07.513: FileName: factory-I-720p.seg26-L2.svc download complete...
2017-11-03T09:32:07.536: FileName: factory-I-720p.seg26-L3.svc download complete...
2017-11-03T09:32:08.301: Finish handling segment 25
==================================================
2017-11-03T09:32:08.301:
==================================================
Start handling segment 26, previous reference speed: 7985.60913276113KB/s
2017-11-03T09:32:08.301: Threshold of 0: 174KB/s
2017-11-03T09:32:08.301: Threshold of 1: 445KB/s
2017-11-03T09:32:08.301: Threshold of 2: 878KB/s
2017-11-03T09:32:08.301: Threshold of 3: 1545KB/s
2017-11-03T09:32:08.301: SelectedLayer: 3
2017-11-03T09:32:08.317: FileName: factory-I-720p.seg27-L0.svc download complete...
2017-11-03T09:32:08.330: FileName: factory-I-720p.seg27-L1.svc download complete...
2017-11-03T09:32:08.337: FileName: factory-I-720p.seg27-L2.svc download complete...
2017-11-03T09:32:08.374: FileName: factory-I-720p.seg27-L3.svc download complete...
2017-11-03T09:32:08.495: Finish handling segment 26
==================================================
2017-11-03T09:32:08.495: Shutting down Client in 5s
