Name:factory-I-720p.mpd >> Download complete...
Start processing...
2017-11-03T09:31:59.918:
========================================================
Video information:
Video resolution:1280x720
LayerID is: [0, 1, 2, 3]
Bandwidth requirement for each layer: [1398911.0, 2162327.0, 3466219.0, 5337282.0] bits/s
Number of segments: 27
Duration of each segment: 48 frames
========================================================
2017-11-03T09:31:59.942: FileName: factory-I-720p.init.svc download complete...
2017-11-03T09:31:59.943:
==================================================
Start handling segment 0, previous reference speed: 17.72740490278952KB/s
2017-11-03T09:31:59.943: Threshold of 0: 174KB/s
2017-11-03T09:31:59.943: Threshold of 1: 445KB/s
2017-11-03T09:31:59.945: SelectedLayer: 0
2017-11-03T09:32:00.019: FileName: factory-I-720p.seg1-L0.svc download complete...
2017-11-03T09:32:00.048: Finish handling segment 0
==================================================
2017-11-03T09:32:00.177:
==================================================
Start handling segment 1, previous reference speed: 4157.053890466209KB/s
2017-11-03T09:32:00.177: Threshold of 0: 174KB/s
2017-11-03T09:32:00.177: Threshold of 1: 445KB/s
2017-11-03T09:32:00.177: Threshold of 2: 878KB/s
2017-11-03T09:32:00.177: Threshold of 3: 1545KB/s
2017-11-03T09:32:00.177: SelectedLayer: 3
2017-11-03T09:32:00.538: FileName: factory-I-720p.seg2-L0.svc download complete...
2017-11-03T09:32:00.638: FileName: factory-I-720p.seg2-L1.svc download complete...
2017-11-03T09:32:00.832: FileName: factory-I-720p.seg2-L2.svc download complete...
2017-11-03T09:32:00.988: FileName: factory-I-720p.seg2-L3.svc download complete...
2017-11-03T09:32:01.030: Finish handling segment 1
==================================================
2017-11-03T09:32:01.030:
==================================================
Start handling segment 2, previous reference speed: 8054.157201435213KB/s
2017-11-03T09:32:01.030: Threshold of 0: 174KB/s
2017-11-03T09:32:01.030: Threshold of 1: 445KB/s
2017-11-03T09:32:01.030: Threshold of 2: 878KB/s
2017-11-03T09:32:01.031: Threshold of 3: 1545KB/s
2017-11-03T09:32:01.031: SelectedLayer: 3
2017-11-03T09:32:01.085: FileName: factory-I-720p.seg3-L0.svc download complete...
2017-11-03T09:32:01.110: FileName: factory-I-720p.seg3-L1.svc download complete...
2017-11-03T09:32:01.149: FileName: factory-I-720p.seg3-L2.svc download complete...
2017-11-03T09:32:01.287: FileName: factory-I-720p.seg3-L3.svc download complete...
2017-11-03T09:32:01.358: Finish handling segment 2
==================================================
2017-11-03T09:32:01.358:
==================================================
Start handling segment 3, previous reference speed: 6455.2648920832125KB/s
2017-11-03T09:32:01.358: Threshold of 0: 174KB/s
2017-11-03T09:32:01.358: Threshold of 1: 445KB/s
2017-11-03T09:32:01.358: Threshold of 2: 878KB/s
2017-11-03T09:32:01.358: Threshold of 3: 1545KB/s
2017-11-03T09:32:01.359: SelectedLayer: 3
2017-11-03T09:32:01.420: FileName: factory-I-720p.seg4-L0.svc download complete...
2017-11-03T09:32:01.450: FileName: factory-I-720p.seg4-L1.svc download complete...
2017-11-03T09:32:01.502: FileName: factory-I-720p.seg4-L2.svc download complete...
2017-11-03T09:32:01.547: FileName: factory-I-720p.seg4-L3.svc download complete...
2017-11-03T09:32:01.589: Finish handling segment 3
==================================================
2017-11-03T09:32:01.590:
==================================================
Start handling segment 4, previous reference speed: 19212.59816123104KB/s
2017-11-03T09:32:01.590: Threshold of 0: 174KB/s
2017-11-03T09:32:01.590: Threshold of 1: 445KB/s
2017-11-03T09:32:01.590: Threshold of 2: 878KB/s
2017-11-03T09:32:01.590: Threshold of 3: 1545KB/s
2017-11-03T09:32:01.590: SelectedLayer: 3
2017-11-03T09:32:01.631: FileName: factory-I-720p.seg5-L0.svc download complete...
2017-11-03T09:32:01.668: FileName: factory-I-720p.seg5-L1.svc download complete...
2017-11-03T09:32:01.762: FileName: factory-I-720p.seg5-L2.svc download complete...
2017-11-03T09:32:01.831: FileName: factory-I-720p.seg5-L3.svc download complete...
2017-11-03T09:32:01.859: Finish handling segment 4
==================================================
2017-11-03T09:32:01.859:
==================================================
Start handling segment 5, previous reference speed: 11351.514466263752KB/s
2017-11-03T09:32:01.859: Threshold of 0: 174KB/s
2017-11-03T09:32:01.859: Threshold of 1: 445KB/s
2017-11-03T09:32:01.859: Threshold of 2: 878KB/s
2017-11-03T09:32:01.859: Threshold of 3: 1545KB/s
2017-11-03T09:32:01.859: SelectedLayer: 3
2017-11-03T09:32:01.891: FileName: factory-I-720p.seg6-L0.svc download complete...
2017-11-03T09:32:01.913: FileName: factory-I-720p.seg6-L1.svc download complete...
2017-11-03T09:32:02.094: FileName: factory-I-720p.seg6-L2.svc download complete...
2017-11-03T09:32:02.165: FileName: factory-I-720p.seg6-L3.svc download complete...
2017-11-03T09:32:02.243: Finish handling segment 5
==================================================
2017-11-03T09:32:02.243:
==================================================
Start handling segment 6, previous reference speed: 9953.547376760525KB/s
2017-11-03T09:32:02.243: Threshold of 0: 174KB/s
2017-11-03T09:32:02.243: Threshold of 1: 445KB/s
2017-11-03T09:32:02.243: Threshold of 2: 878KB/s
2017-11-03T09:32:02.244: Threshold of 3: 1545KB/s
2017-11-03T09:32:02.244: SelectedLayer: 3
2017-11-03T09:32:02.279: FileName: factory-I-720p.seg7-L0.svc download complete...
2017-11-03T09:32:02.353: FileName: factory-I-720p.seg7-L1.svc download complete...
2017-11-03T09:32:02.368: FileName: factory-I-720p.seg7-L2.svc download complete...
2017-11-03T09:32:02.395: FileName: factory-I-720p.seg7-L3.svc download complete...
2017-11-03T09:32:02.472: Finish handling segment 6
==================================================
2017-11-03T09:32:02.472:
==================================================
Start handling segment 7, previous reference speed: 15339.767774855278KB/s
2017-11-03T09:32:02.472: Threshold of 0: 174KB/s
2017-11-03T09:32:02.473: Threshold of 1: 445KB/s
2017-11-03T09:32:02.473: Threshold of 2: 878KB/s
2017-11-03T09:32:02.473: Threshold of 3: 1545KB/s
2017-11-03T09:32:02.473: SelectedLayer: 3
2017-11-03T09:32:02.513: FileName: factory-I-720p.seg8-L0.svc download complete...
2017-11-03T09:32:02.527: FileName: factory-I-720p.seg8-L1.svc download complete...
2017-11-03T09:32:02.545: FileName: factory-I-720p.seg8-L2.svc download complete...
2017-11-03T09:32:02.575: FileName: factory-I-720p.seg8-L3.svc download complete...
2017-11-03T09:32:02.603: Finish handling segment 7
==================================================
2017-11-03T09:32:02.603:
==================================================
Start handling segment 8, previous reference speed: 10050.51570080734KB/s
2017-11-03T09:32:02.603: Threshold of 0: 174KB/s
2017-11-03T09:32:02.603: Threshold of 1: 445KB/s
2017-11-03T09:32:02.603: Threshold of 2: 878KB/s
2017-11-03T09:32:02.603: Threshold of 3: 1545KB/s
2017-11-03T09:32:02.603: SelectedLayer: 3
2017-11-03T09:32:02.640: FileName: factory-I-720p.seg9-L0.svc download complete...
2017-11-03T09:32:03.087: FileName: factory-I-720p.seg9-L1.svc download complete...
2017-11-03T09:32:03.112: FileName: factory-I-720p.seg9-L2.svc download complete...
2017-11-03T09:32:03.959: FileName: factory-I-720p.seg9-L3.svc download complete...
2017-11-03T09:32:04.007: Finish handling segment 8
==================================================
2017-11-03T09:32:04.007:
==================================================
Start handling segment 9, previous reference speed: 7228.2756881243195KB/s
2017-11-03T09:32:04.007: Threshold of 0: 174KB/s
2017-11-03T09:32:04.007: Threshold of 1: 445KB/s
2017-11-03T09:32:04.007: Threshold of 2: 878KB/s
2017-11-03T09:32:04.007: Threshold of 3: 1545KB/s
2017-11-03T09:32:04.007: SelectedLayer: 3
2017-11-03T09:32:04.047: FileName: factory-I-720p.seg10-L0.svc download complete...
2017-11-03T09:32:04.072: FileName: factory-I-720p.seg10-L1.svc download complete...
2017-11-03T09:32:04.119: FileName: factory-I-720p.seg10-L2.svc download complete...
2017-11-03T09:32:04.231: FileName: factory-I-720p.seg10-L3.svc download complete...
2017-11-03T09:32:04.290: Finish handling segment 9
==================================================
2017-11-03T09:32:04.290:
==================================================
Start handling segment 10, previous reference speed: 6068.014681421404KB/s
2017-11-03T09:32:04.290: Threshold of 0: 174KB/s
2017-11-03T09:32:04.290: Threshold of 1: 445KB/s
2017-11-03T09:32:04.290: Threshold of 2: 878KB/s
2017-11-03T09:32:04.290: Threshold of 3: 1545KB/s
2017-11-03T09:32:04.290: SelectedLayer: 3
2017-11-03T09:32:04.321: FileName: factory-I-720p.seg11-L0.svc download complete...
2017-11-03T09:32:04.393: FileName: factory-I-720p.seg11-L1.svc download complete...
2017-11-03T09:32:04.506: FileName: factory-I-720p.seg11-L2.svc download complete...
2017-11-03T09:32:04.620: FileName: factory-I-720p.seg11-L3.svc download complete...
2017-11-03T09:32:04.708: Finish handling segment 10
==================================================
2017-11-03T09:32:04.708:
==================================================
Start handling segment 11, previous reference speed: 7477.259692593271KB/s
2017-11-03T09:32:04.708: Threshold of 0: 174KB/s
2017-11-03T09:32:04.708: Threshold of 1: 445KB/s
2017-11-03T09:32:04.708: Threshold of 2: 878KB/s
2017-11-03T09:32:04.708: Threshold of 3: 1545KB/s
2017-11-03T09:32:04.708: SelectedLayer: 3
2017-11-03T09:32:04.749: FileName: factory-I-720p.seg12-L0.svc download complete...
2017-11-03T09:32:04.778: FileName: factory-I-720p.seg12-L1.svc download complete...
2017-11-03T09:32:04.840: FileName: factory-I-720p.seg12-L2.svc download complete...
2017-11-03T09:32:04.930: FileName: factory-I-720p.seg12-L3.svc download complete...
2017-11-03T09:32:05.032: Finish handling segment 11
==================================================
2017-11-03T09:32:05.032:
==================================================
Start handling segment 12, previous reference speed: 11814.593640551397KB/s
2017-11-03T09:32:05.032: Threshold of 0: 174KB/s
2017-11-03T09:32:05.032: Threshold of 1: 445KB/s
2017-11-03T09:32:05.032: Threshold of 2: 878KB/s
2017-11-03T09:32:05.032: Threshold of 3: 1545KB/s
2017-11-03T09:32:05.032: SelectedLayer: 3
2017-11-03T09:32:05.056: FileName: factory-I-720p.seg13-L0.svc download complete...
2017-11-03T09:32:05.087: FileName: factory-I-720p.seg13-L1.svc download complete...
2017-11-03T09:32:05.125: FileName: factory-I-720p.seg13-L2.svc download complete...
2017-11-03T09:32:05.181: FileName: factory-I-720p.seg13-L3.svc download complete...
2017-11-03T09:32:05.256: Finish handling segment 12
==================================================
2017-11-03T09:32:05.256:
==================================================
Start handling segment 13, previous reference speed: 8026.75389375214KB/s
2017-11-03T09:32:05.256: Threshold of 0: 174KB/s
2017-11-03T09:32:05.256: Threshold of 1: 445KB/s
2017-11-03T09:32:05.256: Threshold of 2: 878KB/s
2017-11-03T09:32:05.256: Threshold of 3: 1545KB/s
2017-11-03T09:32:05.256: SelectedLayer: 3
2017-11-03T09:32:05.289: FileName: factory-I-720p.seg14-L0.svc download complete...
2017-11-03T09:32:05.321: FileName: factory-I-720p.seg14-L1.svc download complete...
2017-11-03T09:32:05.339: FileName: factory-I-720p.seg14-L2.svc download complete...
2017-11-03T09:32:05.414: FileName: factory-I-720p.seg14-L3.svc download complete...
2017-11-03T09:32:05.474: Finish handling segment 13
==================================================
2017-11-03T09:32:05.475:
==================================================
Start handling segment 14, previous reference speed: 6322.760003221868KB/s
2017-11-03T09:32:05.475: Threshold of 0: 174KB/s
2017-11-03T09:32:05.475: Threshold of 1: 445KB/s
2017-11-03T09:32:05.475: Threshold of 2: 878KB/s
2017-11-03T09:32:05.475: Threshold of 3: 1545KB/s
2017-11-03T09:32:05.475: SelectedLayer: 3
2017-11-03T09:32:05.530: FileName: factory-I-720p.seg15-L0.svc download complete...
2017-11-03T09:32:05.580: FileName: factory-I-720p.seg15-L1.svc download complete...
2017-11-03T09:32:05.701: FileName: factory-I-720p.seg15-L2.svc download complete...
2017-11-03T09:32:05.791: FileName: factory-I-720p.seg15-L3.svc download complete...
2017-11-03T09:32:05.908: Finish handling segment 14
==================================================
2017-11-03T09:32:05.909:
==================================================
Start handling segment 15, previous reference speed: 7732.8550926376865KB/s
2017-11-03T09:32:05.909: Threshold of 0: 174KB/s
2017-11-03T09:32:05.909: Threshold of 1: 445KB/s
2017-11-03T09:32:05.909: Threshold of 2: 878KB/s
2017-11-03T09:32:05.909: Threshold of 3: 1545KB/s
2017-11-03T09:32:05.909: SelectedLayer: 3
2017-11-03T09:32:05.937: FileName: factory-I-720p.seg16-L0.svc download complete...
2017-11-03T09:32:05.947: FileName: factory-I-720p.seg16-L1.svc download complete...
2017-11-03T09:32:05.962: FileName: factory-I-720p.seg16-L2.svc download complete...
2017-11-03T09:32:06.071: FileName: factory-I-720p.seg16-L3.svc download complete...
2017-11-03T09:32:06.131: Finish handling segment 15
==================================================
2017-11-03T09:32:06.131:
==================================================
Start handling segment 16, previous reference speed: 5117.17656627686KB/s
2017-11-03T09:32:06.131: Threshold of 0: 174KB/s
2017-11-03T09:32:06.131: Threshold of 1: 445KB/s
2017-11-03T09:32:06.131: Threshold of 2: 878KB/s
2017-11-03T09:32:06.131: Threshold of 3: 1545KB/s
2017-11-03T09:32:06.131: SelectedLayer: 3
2017-11-03T09:32:06.157: FileName: factory-I-720p.seg17-L0.svc download complete...
2017-11-03T09:32:06.303: FileName: factory-I-720p.seg17-L1.svc download complete...
2017-11-03T09:32:06.332: FileName: factory-I-720p.seg17-L2.svc download complete...
2017-11-03T09:32:06.387: FileName: factory-I-720p.seg17-L3.svc download complete...
2017-11-03T09:32:06.516: Finish handling segment 16
==================================================
2017-11-03T09:32:06.516:
==================================================
Start handling segment 17, previous reference speed: 8246.033664058774KB/s
2017-11-03T09:32:06.516: Threshold of 0: 174KB/s
2017-11-03T09:32:06.516: Threshold of 1: 445KB/s
2017-11-03T09:32:06.516: Threshold of 2: 878KB/s
2017-11-03T09:32:06.516: Threshold of 3: 1545KB/s
2017-11-03T09:32:06.516: SelectedLayer: 3
2017-11-03T09:32:06.560: FileName: factory-I-720p.seg18-L0.svc download complete...
2017-11-03T09:32:06.581: FileName: factory-I-720p.seg18-L1.svc download complete...
2017-11-03T09:32:06.617: FileName: factory-I-720p.seg18-L2.svc download complete...
2017-11-03T09:32:06.641: FileName: factory-I-720p.seg18-L3.svc download complete...
2017-11-03T09:32:07.186: Finish handling segment 17
==================================================
2017-11-03T09:32:07.186:
==================================================
Start handling segment 18, previous reference speed: 10133.520898775772KB/s
2017-11-03T09:32:07.187: Threshold of 0: 174KB/s
2017-11-03T09:32:07.187: Threshold of 1: 445KB/s
2017-11-03T09:32:07.187: Threshold of 2: 878KB/s
2017-11-03T09:32:07.187: Threshold of 3: 1545KB/s
2017-11-03T09:32:07.187: SelectedLayer: 3
2017-11-03T09:32:07.206: FileName: factory-I-720p.seg19-L0.svc download complete...
2017-11-03T09:32:07.269: FileName: factory-I-720p.seg19-L1.svc download complete...
2017-11-03T09:32:07.304: FileName: factory-I-720p.seg19-L2.svc download complete...
2017-11-03T09:32:07.319: FileName: factory-I-720p.seg19-L3.svc download complete...
2017-11-03T09:32:07.385: Finish handling segment 18
==================================================
2017-11-03T09:32:07.385:
==================================================
Start handling segment 19, previous reference speed: 15958.797798130141KB/s
2017-11-03T09:32:07.385: Threshold of 0: 174KB/s
2017-11-03T09:32:07.385: Threshold of 1: 445KB/s
2017-11-03T09:32:07.385: Threshold of 2: 878KB/s
2017-11-03T09:32:07.385: Threshold of 3: 1545KB/s
2017-11-03T09:32:07.385: SelectedLayer: 3
2017-11-03T09:32:07.409: FileName: factory-I-720p.seg20-L0.svc download complete...
2017-11-03T09:32:07.426: FileName: factory-I-720p.seg20-L1.svc download complete...
2017-11-03T09:32:07.443: FileName: factory-I-720p.seg20-L2.svc download complete...
2017-11-03T09:32:07.456: FileName: factory-I-720p.seg20-L3.svc download complete...
2017-11-03T09:32:07.493: Finish handling segment 19
==================================================
2017-11-03T09:32:07.493:
==================================================
Start handling segment 20, previous reference speed: 11295.913132964091KB/s
2017-11-03T09:32:07.493: Threshold of 0: 174KB/s
2017-11-03T09:32:07.493: Threshold of 1: 445KB/s
2017-11-03T09:32:07.493: Threshold of 2: 878KB/s
2017-11-03T09:32:07.493: Threshold of 3: 1545KB/s
2017-11-03T09:32:07.493: SelectedLayer: 3
2017-11-03T09:32:07.553: FileName: factory-I-720p.seg21-L0.svc download complete...
2017-11-03T09:32:07.568: FileName: factory-I-720p.seg21-L1.svc download complete...
2017-11-03T09:32:07.576: FileName: factory-I-720p.seg21-L2.svc download complete...
2017-11-03T09:32:07.609: FileName: factory-I-720p.seg21-L3.svc download complete...
2017-11-03T09:32:07.659: Finish handling segment 20
==================================================
2017-11-03T09:32:07.659:
==================================================
Start handling segment 21, previous reference speed: 8277.326975517442KB/s
2017-11-03T09:32:07.659: Threshold of 0: 174KB/s
2017-11-03T09:32:07.659: Threshold of 1: 445KB/s
2017-11-03T09:32:07.659: Threshold of 2: 878KB/s
2017-11-03T09:32:07.659: Threshold of 3: 1545KB/s
2017-11-03T09:32:07.659: SelectedLayer: 3
2017-11-03T09:32:07.669: FileName: factory-I-720p.seg22-L0.svc download complete...
2017-11-03T09:32:07.683: FileName: factory-I-720p.seg22-L1.svc download complete...
2017-11-03T09:32:07.697: FileName: factory-I-720p.seg22-L2.svc download complete...
2017-11-03T09:32:07.714: FileName: factory-I-720p.seg22-L3.svc download complete...
2017-11-03T09:32:07.766: Finish handling segment 21
==================================================
2017-11-03T09:32:07.766:
==================================================
Start handling segment 22, previous reference speed: 12120.162937787778KB/s
2017-11-03T09:32:07.766: Threshold of 0: 174KB/s
2017-11-03T09:32:07.766: Threshold of 1: 445KB/s
2017-11-03T09:32:07.767: Threshold of 2: 878KB/s
2017-11-03T09:32:07.767: Threshold of 3: 1545KB/s
2017-11-03T09:32:07.767: SelectedLayer: 3
2017-11-03T09:32:07.787: FileName: factory-I-720p.seg23-L0.svc download complete...
2017-11-03T09:32:07.804: FileName: factory-I-720p.seg23-L1.svc download complete...
2017-11-03T09:32:07.823: FileName: factory-I-720p.seg23-L2.svc download complete...
2017-11-03T09:32:07.847: FileName: factory-I-720p.seg23-L3.svc download complete...
2017-11-03T09:32:07.907: Finish handling segment 22
==================================================
2017-11-03T09:32:07.907:
==================================================
Start handling segment 23, previous reference speed: 9819.607881329754KB/s
2017-11-03T09:32:07.907: Threshold of 0: 174KB/s
2017-11-03T09:32:07.907: Threshold of 1: 445KB/s
2017-11-03T09:32:07.907: Threshold of 2: 878KB/s
2017-11-03T09:32:07.907: Threshold of 3: 1545KB/s
2017-11-03T09:32:07.907: SelectedLayer: 3
2017-11-03T09:32:07.934: FileName: factory-I-720p.seg24-L0.svc download complete...
2017-11-03T09:32:07.954: FileName: factory-I-720p.seg24-L1.svc download complete...
2017-11-03T09:32:08.118: FileName: factory-I-720p.seg24-L2.svc download complete...
2017-11-03T09:32:08.169: FileName: factory-I-720p.seg24-L3.svc download complete...
2017-11-03T09:32:08.272: Finish handling segment 23
==================================================
2017-11-03T09:32:08.272:
==================================================
Start handling segment 24, previous reference speed: 8091.241343986601KB/s
2017-11-03T09:32:08.272: Threshold of 0: 174KB/s
2017-11-03T09:32:08.272: Threshold of 1: 445KB/s
2017-11-03T09:32:08.272: Threshold of 2: 878KB/s
2017-11-03T09:32:08.272: Threshold of 3: 1545KB/s
2017-11-03T09:32:08.272: SelectedLayer: 3
2017-11-03T09:32:08.291: FileName: factory-I-720p.seg25-L0.svc download complete...
2017-11-03T09:32:08.388: FileName: factory-I-720p.seg25-L1.svc download complete...
2017-11-03T09:32:08.395: FileName: factory-I-720p.seg25-L2.svc download complete...
2017-11-03T09:32:08.406: FileName: factory-I-720p.seg25-L3.svc download complete...
2017-11-03T09:32:08.533: Finish handling segment 24
==================================================
2017-11-03T09:32:08.533:
==================================================
Start handling segment 25, previous reference speed: 11210.310690985385KB/s
2017-11-03T09:32:08.533: Threshold of 0: 174KB/s
2017-11-03T09:32:08.533: Threshold of 1: 445KB/s
2017-11-03T09:32:08.533: Threshold of 2: 878KB/s
2017-11-03T09:32:08.533: Threshold of 3: 1545KB/s
2017-11-03T09:32:08.533: SelectedLayer: 3
2017-11-03T09:32:08.544: FileName: factory-I-720p.seg26-L0.svc download complete...
2017-11-03T09:32:08.564: FileName: factory-I-720p.seg26-L1.svc download complete...
2017-11-03T09:32:08.576: FileName: factory-I-720p.seg26-L2.svc download complete...
2017-11-03T09:32:08.592: FileName: factory-I-720p.seg26-L3.svc download complete...
2017-11-03T09:32:08.674: Finish handling segment 25
==================================================
2017-11-03T09:32:08.674:
==================================================
Start handling segment 26, previous reference speed: 11671.297417892381KB/s
2017-11-03T09:32:08.674: Threshold of 0: 174KB/s
2017-11-03T09:32:08.674: Threshold of 1: 445KB/s
2017-11-03T09:32:08.674: Threshold of 2: 878KB/s
2017-11-03T09:32:08.674: Threshold of 3: 1545KB/s
2017-11-03T09:32:08.674: SelectedLayer: 3
2017-11-03T09:32:08.690: FileName: factory-I-720p.seg27-L0.svc download complete...
2017-11-03T09:32:08.698: FileName: factory-I-720p.seg27-L1.svc download complete...
2017-11-03T09:32:08.708: FileName: factory-I-720p.seg27-L2.svc download complete...
2017-11-03T09:32:08.726: FileName: factory-I-720p.seg27-L3.svc download complete...
2017-11-03T09:32:08.864: Finish handling segment 26
==================================================
2017-11-03T09:32:08.865: Shutting down Client in 5s
