2017-11-11T11:59:10.895: Server starting in 5s... Please wait!
2017-11-11T11:59:15.980: Encoding segment 0...

==================================================
2017-11-11T11:59:16.480: Starting upload of segment 0
2017-11-11T11:59:16.480: Uploading segment 0 layer 0...
2017-11-11T11:59:16.483: Uploading segment 0 layer 1...
2017-11-11T11:59:16.485: Uploading segment 0 layer 2...
2017-11-11T11:59:16.489: Uploading segment 0 layer 3...

==================================================
2017-11-11T11:59:16.494: Preparing segment 1...
2017-11-11T11:59:18.414: Encoding segment 1...

==================================================
2017-11-11T11:59:18.915: Starting upload of segment 1
2017-11-11T11:59:18.915: Uploading segment 1 layer 0...
2017-11-11T11:59:20.257: Uploading segment 1 layer 1...
2017-11-11T11:59:21.515: Uploading segment 1 layer 2...
2017-11-11T11:59:23.637: Uploading segment 1 layer 3...

==================================================
2017-11-11T11:59:25.259: Preparing segment 2...
2017-11-11T11:59:27.180: Encoding segment 2...

==================================================
2017-11-11T11:59:27.680: Starting upload of segment 2
2017-11-11T11:59:27.680: Uploading segment 2 layer 0...
2017-11-11T11:59:28.284: Uploading segment 2 layer 1...
2017-11-11T11:59:28.510: Uploading segment 2 layer 2...
2017-11-11T11:59:28.934: Uploading segment 2 layer 3...

==================================================
2017-11-11T11:59:29.542: Preparing segment 3...
2017-11-11T11:59:31.463: Encoding segment 3...

==================================================
2017-11-11T11:59:31.963: Starting upload of segment 3
2017-11-11T11:59:31.963: Uploading segment 3 layer 0...
2017-11-11T11:59:32.499: Uploading segment 3 layer 1...
2017-11-11T11:59:32.761: Uploading segment 3 layer 2...
2017-11-11T11:59:33.059: Uploading segment 3 layer 3...

==================================================
2017-11-11T11:59:33.442: Preparing segment 4...
2017-11-11T11:59:35.362: Encoding segment 4...

==================================================
2017-11-11T11:59:35.863: Starting upload of segment 4
2017-11-11T11:59:35.863: Uploading segment 4 layer 0...
2017-11-11T11:59:36.919: Uploading segment 4 layer 1...
2017-11-11T11:59:37.333: Uploading segment 4 layer 2...
2017-11-11T11:59:37.672: Uploading segment 4 layer 3...

==================================================
2017-11-11T11:59:38.100: Preparing segment 5...
2017-11-11T11:59:40.020: Encoding segment 5...

==================================================
2017-11-11T11:59:40.521: Starting upload of segment 5
2017-11-11T11:59:40.521: Uploading segment 5 layer 0...
2017-11-11T11:59:40.881: Uploading segment 5 layer 1...
2017-11-11T11:59:41.098: Uploading segment 5 layer 2...
2017-11-11T11:59:41.536: Uploading segment 5 layer 3...

==================================================
2017-11-11T11:59:42.358: Preparing segment 6...
2017-11-11T11:59:44.279: Encoding segment 6...

==================================================
2017-11-11T11:59:44.779: Starting upload of segment 6
2017-11-11T11:59:44.779: Uploading segment 6 layer 0...
2017-11-11T11:59:44.989: Uploading segment 6 layer 1...
2017-11-11T11:59:45.120: Uploading segment 6 layer 2...
2017-11-11T11:59:45.273: Uploading segment 6 layer 3...

==================================================
2017-11-11T11:59:45.530: Preparing segment 7...
2017-11-11T11:59:47.450: Encoding segment 7...

==================================================
2017-11-11T11:59:47.951: Starting upload of segment 7
2017-11-11T11:59:47.951: Uploading segment 7 layer 0...
2017-11-11T11:59:48.290: Uploading segment 7 layer 1...
2017-11-11T11:59:48.371: Uploading segment 7 layer 2...
2017-11-11T11:59:48.449: Uploading segment 7 layer 3...

==================================================
2017-11-11T11:59:48.614: Preparing segment 8...
2017-11-11T11:59:50.535: Encoding segment 8...

==================================================
2017-11-11T11:59:51.035: Starting upload of segment 8
2017-11-11T11:59:51.035: Uploading segment 8 layer 0...
2017-11-11T11:59:51.429: Uploading segment 8 layer 1...
2017-11-11T11:59:51.555: Uploading segment 8 layer 2...
2017-11-11T11:59:51.776: Uploading segment 8 layer 3...

==================================================
2017-11-11T11:59:52.063: Preparing segment 9...
2017-11-11T11:59:53.983: Encoding segment 9...

==================================================
2017-11-11T11:59:54.483: Starting upload of segment 9
2017-11-11T11:59:54.484: Uploading segment 9 layer 0...
2017-11-11T11:59:55.047: Uploading segment 9 layer 1...
2017-11-11T11:59:55.212: Uploading segment 9 layer 2...
2017-11-11T11:59:55.472: Uploading segment 9 layer 3...

==================================================
2017-11-11T11:59:55.872: Preparing segment 10...
2017-11-11T11:59:57.792: Encoding segment 10...

==================================================
2017-11-11T11:59:58.292: Starting upload of segment 10
2017-11-11T11:59:58.293: Uploading segment 10 layer 0...
2017-11-11T11:59:59.340: Uploading segment 10 layer 1...
2017-11-11T12:00:00.107: Uploading segment 10 layer 2...
2017-11-11T12:00:00.873: Uploading segment 10 layer 3...

==================================================
2017-11-11T12:00:01.503: Preparing segment 11...
2017-11-11T12:00:03.424: Encoding segment 11...

==================================================
2017-11-11T12:00:03.924: Starting upload of segment 11
2017-11-11T12:00:03.924: Uploading segment 11 layer 0...
2017-11-11T12:00:04.590: Uploading segment 11 layer 1...
2017-11-11T12:00:04.829: Uploading segment 11 layer 2...
2017-11-11T12:00:05.291: Uploading segment 11 layer 3...

==================================================
2017-11-11T12:00:05.934: Preparing segment 12...
2017-11-11T12:00:07.854: Encoding segment 12...

==================================================
2017-11-11T12:00:08.354: Starting upload of segment 12
2017-11-11T12:00:08.354: Uploading segment 12 layer 0...
2017-11-11T12:00:09.509: Uploading segment 12 layer 1...
2017-11-11T12:00:09.636: Uploading segment 12 layer 2...
2017-11-11T12:00:10.168: Uploading segment 12 layer 3...

==================================================
2017-11-11T12:00:10.814: Preparing segment 13...
2017-11-11T12:00:12.734: Encoding segment 13...

==================================================
2017-11-11T12:00:13.234: Starting upload of segment 13
2017-11-11T12:00:13.234: Uploading segment 13 layer 0...
2017-11-11T12:00:14.136: Uploading segment 13 layer 1...
2017-11-11T12:00:14.553: Uploading segment 13 layer 2...
2017-11-11T12:00:15.152: Uploading segment 13 layer 3...

==================================================
2017-11-11T12:00:15.620: Preparing segment 14...
2017-11-11T12:00:17.540: Encoding segment 14...

==================================================
2017-11-11T12:00:18.040: Starting upload of segment 14
2017-11-11T12:00:18.041: Uploading segment 14 layer 0...
2017-11-11T12:00:19.248: Uploading segment 14 layer 1...
2017-11-11T12:00:20.015: Uploading segment 14 layer 2...
2017-11-11T12:00:22.023: Uploading segment 14 layer 3...

==================================================
2017-11-11T12:00:23.402: Preparing segment 15...
2017-11-11T12:00:25.322: Encoding segment 15...

==================================================
2017-11-11T12:00:25.823: Starting upload of segment 15
2017-11-11T12:00:25.823: Uploading segment 15 layer 0...
2017-11-11T12:00:27.722: Uploading segment 15 layer 1...
2017-11-11T12:00:28.077: Uploading segment 15 layer 2...
2017-11-11T12:00:28.452: Uploading segment 15 layer 3...

==================================================
2017-11-11T12:00:29.566: Preparing segment 16...
2017-11-11T12:00:31.486: Encoding segment 16...

==================================================
2017-11-11T12:00:31.987: Starting upload of segment 16
2017-11-11T12:00:31.987: Uploading segment 16 layer 0...
2017-11-11T12:00:32.820: Uploading segment 16 layer 1...
2017-11-11T12:00:33.053: Uploading segment 16 layer 2...
2017-11-11T12:00:33.210: Uploading segment 16 layer 3...

==================================================
2017-11-11T12:00:33.550: Preparing segment 17...
2017-11-11T12:00:35.471: Encoding segment 17...

==================================================
2017-11-11T12:00:35.971: Starting upload of segment 17
2017-11-11T12:00:35.971: Uploading segment 17 layer 0...
2017-11-11T12:00:36.188: Uploading segment 17 layer 1...
2017-11-11T12:00:36.342: Uploading segment 17 layer 2...
2017-11-11T12:00:36.539: Uploading segment 17 layer 3...

==================================================
2017-11-11T12:00:36.711: Preparing segment 18...
2017-11-11T12:00:38.631: Encoding segment 18...

==================================================
2017-11-11T12:00:39.131: Starting upload of segment 18
2017-11-11T12:00:39.132: Uploading segment 18 layer 0...
2017-11-11T12:00:39.898: Uploading segment 18 layer 1...
2017-11-11T12:00:40.205: Uploading segment 18 layer 2...
2017-11-11T12:00:40.721: Uploading segment 18 layer 3...

==================================================
2017-11-11T12:00:40.886: Preparing segment 19...
2017-11-11T12:00:42.806: Encoding segment 19...

==================================================
2017-11-11T12:00:43.307: Starting upload of segment 19
2017-11-11T12:00:43.307: Uploading segment 19 layer 0...
2017-11-11T12:00:43.535: Uploading segment 19 layer 1...
2017-11-11T12:00:43.608: Uploading segment 19 layer 2...
2017-11-11T12:00:43.701: Uploading segment 19 layer 3...

==================================================
2017-11-11T12:00:43.830: Preparing segment 20...
2017-11-11T12:00:45.750: Encoding segment 20...

==================================================
2017-11-11T12:00:46.250: Starting upload of segment 20
2017-11-11T12:00:46.250: Uploading segment 20 layer 0...
2017-11-11T12:00:46.821: Uploading segment 20 layer 1...
2017-11-11T12:00:46.923: Uploading segment 20 layer 2...
2017-11-11T12:00:47.195: Uploading segment 20 layer 3...

==================================================
2017-11-11T12:00:47.423: Preparing segment 21...
2017-11-11T12:00:49.344: Encoding segment 21...

==================================================
2017-11-11T12:00:49.844: Starting upload of segment 21
2017-11-11T12:00:49.844: Uploading segment 21 layer 0...
2017-11-11T12:00:50.139: Uploading segment 21 layer 1...
2017-11-11T12:00:50.258: Uploading segment 21 layer 2...
2017-11-11T12:00:50.433: Uploading segment 21 layer 3...

==================================================
2017-11-11T12:00:50.687: Preparing segment 22...
2017-11-11T12:00:52.608: Encoding segment 22...

==================================================
2017-11-11T12:00:53.108: Starting upload of segment 22
2017-11-11T12:00:53.108: Uploading segment 22 layer 0...
2017-11-11T12:00:53.682: Uploading segment 22 layer 1...
2017-11-11T12:00:53.876: Uploading segment 22 layer 2...
2017-11-11T12:00:54.131: Uploading segment 22 layer 3...

==================================================
2017-11-11T12:00:54.253: Preparing segment 23...
2017-11-11T12:00:56.173: Encoding segment 23...

==================================================
2017-11-11T12:00:56.674: Starting upload of segment 23
2017-11-11T12:00:56.674: Uploading segment 23 layer 0...
2017-11-11T12:00:56.995: Uploading segment 23 layer 1...
2017-11-11T12:00:57.108: Uploading segment 23 layer 2...
2017-11-11T12:00:57.395: Uploading segment 23 layer 3...

==================================================
2017-11-11T12:00:57.682: Preparing segment 24...
2017-11-11T12:00:59.602: Encoding segment 24...

==================================================
2017-11-11T12:01:00.103: Starting upload of segment 24
2017-11-11T12:01:00.103: Uploading segment 24 layer 0...
2017-11-11T12:01:00.206: Uploading segment 24 layer 1...
2017-11-11T12:01:05.208: Uploading segment 24 layer 2...
2017-11-11T12:01:05.209: Uploading segment 24 layer 3...

==================================================
2017-11-11T12:01:05.211: Preparing segment 25...
2017-11-11T12:01:07.131: Encoding segment 25...

==================================================
2017-11-11T12:01:07.631: Starting upload of segment 25
2017-11-11T12:01:07.631: Uploading segment 25 layer 0...
2017-11-11T12:01:07.778: Uploading segment 25 layer 1...
2017-11-11T12:01:08.311: Uploading segment 25 layer 2...
2017-11-11T12:01:08.448: Uploading segment 25 layer 3...

==================================================
2017-11-11T12:01:08.546: Preparing segment 26...
2017-11-11T12:01:10.466: Encoding segment 26...

==================================================
2017-11-11T12:01:10.966: Starting upload of segment 26
2017-11-11T12:01:10.966: Uploading segment 26 layer 0...
2017-11-11T12:01:11.346: Uploading segment 26 layer 1...
2017-11-11T12:01:11.437: Uploading segment 26 layer 2...
2017-11-11T12:01:11.513: Uploading segment 26 layer 3...
